2024-01-28 20:50:35,159 [INFO] from play.api.db.DefaultDBApi in play-dev-mode-akka.actor.default-dispatcher-16 - Database [default] initialized at jdbc:mysql://localhost/play?autoReconnect=true&useSSL=false
2024-01-28 20:50:35,214 [INFO] from play.api.db.HikariCPConnectionPool in play-dev-mode-akka.actor.default-dispatcher-16 - Creating Pool for datasource 'default'
2024-01-28 20:50:35,314 [WARN] from com.zaxxer.hikari.util.DriverDataSource in play-dev-mode-akka.actor.default-dispatcher-16 - Registered driver with driverClassName=com.mysql.jdbc.Driver was not found, trying direct instantiation.
2024-01-28 20:50:48,260 [INFO] from play.api.http.EnabledFilters in play-dev-mode-akka.actor.default-dispatcher-16 - Enabled Filters (see <https://www.playframework.com/documentation/latest/Filters>):


2024-01-28 20:50:48,368 [INFO] from play.api.Play in play-dev-mode-akka.actor.default-dispatcher-16 - Application started (Dev) (no global state)
2024-01-28 20:50:48,783 [ERROR] from play.api.http.DefaultHttpErrorHandler in play-dev-mode-akka.actor.default-dispatcher-16 - 

! @84c09m3pp - Internal server error, for (GET) [/computers] ->
 
play.api.db.evolutions.InvalidDatabaseRevision: Database 'default' needs evolution![An SQL script need to be run on your database.]
	at play.api.db.evolutions.EvolutionsWebCommands.$anonfun$handleWebCommand$5(ApplicationEvolutions.scala:523)
	at play.api.db.evolutions.EvolutionsWebCommands.$anonfun$handleWebCommand$5$adapted(ApplicationEvolutions.scala:516)
	at play.api.db.evolutions.ApplicationEvolutions$.$anonfun$runEvolutions$1(ApplicationEvolutions.scala:208)
	at play.api.db.evolutions.ApplicationEvolutions$.withLock(ApplicationEvolutions.scala:229)
	at play.api.db.evolutions.ApplicationEvolutions$.runEvolutions(ApplicationEvolutions.scala:199)
	at play.api.db.evolutions.EvolutionsWebCommands.$anonfun$handleWebCommand$4(ApplicationEvolutions.scala:516)
	at play.api.db.evolutions.EvolutionsWebCommands.$anonfun$handleWebCommand$4$adapted(ApplicationEvolutions.scala:511)
	at scala.collection.immutable.List.foreach(List.scala:392)
	at play.api.db.evolutions.EvolutionsWebCommands.handleWebCommand(ApplicationEvolutions.scala:511)
	at play.core.DefaultWebCommands.$anonfun$handleWebCommand$1(WebCommands.scala:42)
	at scala.collection.immutable.Stream.flatMap(Stream.scala:489)
	at play.core.DefaultWebCommands.handleWebCommand(WebCommands.scala:42)
	at play.api.http.DefaultHttpRequestHandler.$anonfun$handlerForRequest$4(HttpRequestHandler.scala:200)
	at scala.Option.flatMap(Option.scala:188)
	at play.api.http.DefaultHttpRequestHandler.handlerForRequest(HttpRequestHandler.scala:199)
	at play.core.server.Server$.getHandlerFor(Server.scala:126)
	at play.core.server.AkkaHttpServer.handleRequest(AkkaHttpServer.scala:315)
	at play.core.server.AkkaHttpServer.$anonfun$createServerBinding$1(AkkaHttpServer.scala:190)
	at akka.stream.impl.fusing.MapAsync$$anon$30.onPush(Ops.scala:1289)
	at akka.stream.impl.fusing.GraphInterpreter.processPush(GraphInterpreter.scala:541)
	at akka.stream.impl.fusing.GraphInterpreter.execute(GraphInterpreter.scala:423)
	at akka.stream.impl.fusing.GraphInterpreterShell.runBatch(ActorGraphInterpreter.scala:624)
	at akka.stream.impl.fusing.GraphInterpreterShell$AsyncInput.execute(ActorGraphInterpreter.scala:501)
	at akka.stream.impl.fusing.GraphInterpreterShell.processEvent(ActorGraphInterpreter.scala:599)
	at akka.stream.impl.fusing.ActorGraphInterpreter.akka$stream$impl$fusing$ActorGraphInterpreter$$processEvent(ActorGraphInterpreter.scala:768)
	at akka.stream.impl.fusing.ActorGraphInterpreter$$anonfun$receive$1.applyOrElse(ActorGraphInterpreter.scala:783)
	at akka.actor.Actor.aroundReceive(Actor.scala:534)
	at akka.actor.Actor.aroundReceive$(Actor.scala:532)
	at akka.stream.impl.fusing.ActorGraphInterpreter.aroundReceive(ActorGraphInterpreter.scala:690)
	at akka.actor.ActorCell.receiveMessage(ActorCell.scala:573)
	at akka.actor.ActorCell.invoke(ActorCell.scala:543)
	at akka.dispatch.Mailbox.processMailbox(Mailbox.scala:269)
	at akka.dispatch.Mailbox.run(Mailbox.scala:230)
	at akka.dispatch.Mailbox.exec(Mailbox.scala:242)
	at java.base/java.util.concurrent.ForkJoinTask.doExec(ForkJoinTask.java:290)
	at java.base/java.util.concurrent.ForkJoinPool$WorkQueue.topLevelExec(ForkJoinPool.java:1020)
	at java.base/java.util.concurrent.ForkJoinPool.scan(ForkJoinPool.java:1656)
	at java.base/java.util.concurrent.ForkJoinPool.runWorker(ForkJoinPool.java:1594)
	at java.base/java.util.concurrent.ForkJoinWorkerThread.run(ForkJoinWorkerThread.java:177)
2024-01-28 20:51:01,838 [INFO] from play.api.db.HikariCPConnectionPool in application-akka.actor.internal-dispatcher-4 - Shutting down connection pool.
2024-01-28 20:51:02,967 [INFO] from play.api.db.DefaultDBApi in play-dev-mode-akka.actor.default-dispatcher-11 - Database [default] initialized at jdbc:mysql://localhost/play?autoReconnect=true&useSSL=false
2024-01-28 20:51:02,970 [INFO] from play.api.db.HikariCPConnectionPool in play-dev-mode-akka.actor.default-dispatcher-11 - Creating Pool for datasource 'default'
2024-01-28 20:51:02,974 [WARN] from com.zaxxer.hikari.util.DriverDataSource in play-dev-mode-akka.actor.default-dispatcher-11 - Registered driver with driverClassName=com.mysql.jdbc.Driver was not found, trying direct instantiation.
2024-01-28 20:51:04,120 [INFO] from play.api.http.EnabledFilters in play-dev-mode-akka.actor.default-dispatcher-11 - Enabled Filters (see <https://www.playframework.com/documentation/latest/Filters>):


2024-01-28 20:51:04,137 [INFO] from play.api.Play in play-dev-mode-akka.actor.default-dispatcher-11 - Application started (Dev) (no global state)
2024-01-28 20:51:04,262 [ERROR] from play.api.http.DefaultHttpErrorHandler in play-dev-mode-akka.actor.default-dispatcher-11 - 

! @84c09n0n8 - Internal server error, for (GET) [/computers] ->
 
play.api.db.evolutions.InvalidDatabaseRevision: Database 'default' needs evolution![An SQL script need to be run on your database.]
	at play.api.db.evolutions.EvolutionsWebCommands.$anonfun$handleWebCommand$5(ApplicationEvolutions.scala:523)
	at play.api.db.evolutions.EvolutionsWebCommands.$anonfun$handleWebCommand$5$adapted(ApplicationEvolutions.scala:516)
	at play.api.db.evolutions.ApplicationEvolutions$.$anonfun$runEvolutions$1(ApplicationEvolutions.scala:208)
	at play.api.db.evolutions.ApplicationEvolutions$.withLock(ApplicationEvolutions.scala:229)
	at play.api.db.evolutions.ApplicationEvolutions$.runEvolutions(ApplicationEvolutions.scala:199)
	at play.api.db.evolutions.EvolutionsWebCommands.$anonfun$handleWebCommand$4(ApplicationEvolutions.scala:516)
	at play.api.db.evolutions.EvolutionsWebCommands.$anonfun$handleWebCommand$4$adapted(ApplicationEvolutions.scala:511)
	at scala.collection.immutable.List.foreach(List.scala:392)
	at play.api.db.evolutions.EvolutionsWebCommands.handleWebCommand(ApplicationEvolutions.scala:511)
	at play.core.DefaultWebCommands.$anonfun$handleWebCommand$1(WebCommands.scala:42)
	at scala.collection.immutable.Stream.flatMap(Stream.scala:489)
	at play.core.DefaultWebCommands.handleWebCommand(WebCommands.scala:42)
	at play.api.http.DefaultHttpRequestHandler.$anonfun$handlerForRequest$4(HttpRequestHandler.scala:200)
	at scala.Option.flatMap(Option.scala:188)
	at play.api.http.DefaultHttpRequestHandler.handlerForRequest(HttpRequestHandler.scala:199)
	at play.core.server.Server$.getHandlerFor(Server.scala:126)
	at play.core.server.AkkaHttpServer.handleRequest(AkkaHttpServer.scala:315)
	at play.core.server.AkkaHttpServer.$anonfun$createServerBinding$1(AkkaHttpServer.scala:190)
	at akka.stream.impl.fusing.MapAsync$$anon$30.onPush(Ops.scala:1289)
	at akka.stream.impl.fusing.GraphInterpreter.processPush(GraphInterpreter.scala:541)
	at akka.stream.impl.fusing.GraphInterpreter.execute(GraphInterpreter.scala:423)
	at akka.stream.impl.fusing.GraphInterpreterShell.runBatch(ActorGraphInterpreter.scala:624)
	at akka.stream.impl.fusing.GraphInterpreterShell$AsyncInput.execute(ActorGraphInterpreter.scala:501)
	at akka.stream.impl.fusing.GraphInterpreterShell.processEvent(ActorGraphInterpreter.scala:599)
	at akka.stream.impl.fusing.ActorGraphInterpreter.akka$stream$impl$fusing$ActorGraphInterpreter$$processEvent(ActorGraphInterpreter.scala:768)
	at akka.stream.impl.fusing.ActorGraphInterpreter$$anonfun$receive$1.applyOrElse(ActorGraphInterpreter.scala:783)
	at akka.actor.Actor.aroundReceive(Actor.scala:534)
	at akka.actor.Actor.aroundReceive$(Actor.scala:532)
	at akka.stream.impl.fusing.ActorGraphInterpreter.aroundReceive(ActorGraphInterpreter.scala:690)
	at akka.actor.ActorCell.receiveMessage(ActorCell.scala:573)
	at akka.actor.ActorCell.invoke(ActorCell.scala:543)
	at akka.dispatch.Mailbox.processMailbox(Mailbox.scala:269)
	at akka.dispatch.Mailbox.run(Mailbox.scala:230)
	at akka.dispatch.Mailbox.exec(Mailbox.scala:242)
	at java.base/java.util.concurrent.ForkJoinTask.doExec(ForkJoinTask.java:290)
	at java.base/java.util.concurrent.ForkJoinPool$WorkQueue.topLevelExec(ForkJoinPool.java:1020)
	at java.base/java.util.concurrent.ForkJoinPool.scan(ForkJoinPool.java:1656)
	at java.base/java.util.concurrent.ForkJoinPool.runWorker(ForkJoinPool.java:1594)
	at java.base/java.util.concurrent.ForkJoinWorkerThread.run(ForkJoinWorkerThread.java:177)
2024-01-28 20:51:19,927 [INFO] from play.api.db.HikariCPConnectionPool in application-akka.actor.internal-dispatcher-3 - Shutting down connection pool.
2024-01-28 20:51:21,603 [INFO] from play.api.db.DefaultDBApi in play-dev-mode-akka.actor.default-dispatcher-13 - Database [default] initialized at jdbc:mysql://localhost/play?autoReconnect=true&useSSL=false
2024-01-28 20:51:21,604 [INFO] from play.api.db.HikariCPConnectionPool in play-dev-mode-akka.actor.default-dispatcher-13 - Creating Pool for datasource 'default'
2024-01-28 20:51:21,605 [WARN] from com.zaxxer.hikari.util.DriverDataSource in play-dev-mode-akka.actor.default-dispatcher-13 - Registered driver with driverClassName=com.mysql.jdbc.Driver was not found, trying direct instantiation.
2024-01-28 20:51:23,019 [INFO] from play.api.http.EnabledFilters in play-dev-mode-akka.actor.default-dispatcher-13 - Enabled Filters (see <https://www.playframework.com/documentation/latest/Filters>):


2024-01-28 20:51:23,024 [INFO] from play.api.Play in play-dev-mode-akka.actor.default-dispatcher-13 - Application started (Dev) (no global state)
2024-01-28 20:53:24,349 [INFO] from play.api.db.HikariCPConnectionPool in application-akka.actor.internal-dispatcher-3 - Shutting down connection pool.
2024-01-28 20:53:26,283 [INFO] from play.api.db.DefaultDBApi in play-dev-mode-akka.actor.default-dispatcher-11 - Database [default] initialized at jdbc:mysql://localhost/play?autoReconnect=true&useSSL=false
2024-01-28 20:53:26,284 [INFO] from play.api.db.HikariCPConnectionPool in play-dev-mode-akka.actor.default-dispatcher-11 - Creating Pool for datasource 'default'
2024-01-28 20:53:26,288 [WARN] from com.zaxxer.hikari.util.DriverDataSource in play-dev-mode-akka.actor.default-dispatcher-11 - Registered driver with driverClassName=com.mysql.jdbc.Driver was not found, trying direct instantiation.
2024-01-28 20:53:28,469 [INFO] from play.api.http.EnabledFilters in play-dev-mode-akka.actor.default-dispatcher-11 - Enabled Filters (see <https://www.playframework.com/documentation/latest/Filters>):


2024-01-28 20:53:28,484 [INFO] from play.api.Play in play-dev-mode-akka.actor.default-dispatcher-11 - Application started (Dev) (no global state)
2024-01-28 20:53:28,686 [ERROR] from play.api.http.DefaultHttpErrorHandler in play-dev-mode-akka.actor.default-dispatcher-11 - 

! @84c0a56dp - Internal server error, for (GET) [/computers] ->
 
play.api.db.evolutions.InvalidDatabaseRevision: Database 'default' needs evolution![An SQL script need to be run on your database.]
	at play.api.db.evolutions.EvolutionsWebCommands.$anonfun$handleWebCommand$5(ApplicationEvolutions.scala:523)
	at play.api.db.evolutions.EvolutionsWebCommands.$anonfun$handleWebCommand$5$adapted(ApplicationEvolutions.scala:516)
	at play.api.db.evolutions.ApplicationEvolutions$.$anonfun$runEvolutions$1(ApplicationEvolutions.scala:208)
	at play.api.db.evolutions.ApplicationEvolutions$.withLock(ApplicationEvolutions.scala:229)
	at play.api.db.evolutions.ApplicationEvolutions$.runEvolutions(ApplicationEvolutions.scala:199)
	at play.api.db.evolutions.EvolutionsWebCommands.$anonfun$handleWebCommand$4(ApplicationEvolutions.scala:516)
	at play.api.db.evolutions.EvolutionsWebCommands.$anonfun$handleWebCommand$4$adapted(ApplicationEvolutions.scala:511)
	at scala.collection.immutable.List.foreach(List.scala:392)
	at play.api.db.evolutions.EvolutionsWebCommands.handleWebCommand(ApplicationEvolutions.scala:511)
	at play.core.DefaultWebCommands.$anonfun$handleWebCommand$1(WebCommands.scala:42)
	at scala.collection.immutable.Stream.flatMap(Stream.scala:489)
	at play.core.DefaultWebCommands.handleWebCommand(WebCommands.scala:42)
	at play.api.http.DefaultHttpRequestHandler.$anonfun$handlerForRequest$4(HttpRequestHandler.scala:200)
	at scala.Option.flatMap(Option.scala:188)
	at play.api.http.DefaultHttpRequestHandler.handlerForRequest(HttpRequestHandler.scala:199)
	at play.core.server.Server$.getHandlerFor(Server.scala:126)
	at play.core.server.AkkaHttpServer.handleRequest(AkkaHttpServer.scala:315)
	at play.core.server.AkkaHttpServer.$anonfun$createServerBinding$1(AkkaHttpServer.scala:190)
	at akka.stream.impl.fusing.MapAsync$$anon$30.onPush(Ops.scala:1289)
	at akka.stream.impl.fusing.GraphInterpreter.processPush(GraphInterpreter.scala:541)
	at akka.stream.impl.fusing.GraphInterpreter.execute(GraphInterpreter.scala:423)
	at akka.stream.impl.fusing.GraphInterpreterShell.runBatch(ActorGraphInterpreter.scala:624)
	at akka.stream.impl.fusing.GraphInterpreterShell$AsyncInput.execute(ActorGraphInterpreter.scala:501)
	at akka.stream.impl.fusing.GraphInterpreterShell.processEvent(ActorGraphInterpreter.scala:599)
	at akka.stream.impl.fusing.ActorGraphInterpreter.akka$stream$impl$fusing$ActorGraphInterpreter$$processEvent(ActorGraphInterpreter.scala:768)
	at akka.stream.impl.fusing.ActorGraphInterpreter$$anonfun$receive$1.applyOrElse(ActorGraphInterpreter.scala:783)
	at akka.actor.Actor.aroundReceive(Actor.scala:534)
	at akka.actor.Actor.aroundReceive$(Actor.scala:532)
	at akka.stream.impl.fusing.ActorGraphInterpreter.aroundReceive(ActorGraphInterpreter.scala:690)
	at akka.actor.ActorCell.receiveMessage(ActorCell.scala:573)
	at akka.actor.ActorCell.invoke(ActorCell.scala:543)
	at akka.dispatch.Mailbox.processMailbox(Mailbox.scala:269)
	at akka.dispatch.Mailbox.run(Mailbox.scala:230)
	at akka.dispatch.Mailbox.exec(Mailbox.scala:242)
	at java.base/java.util.concurrent.ForkJoinTask.doExec(ForkJoinTask.java:290)
	at java.base/java.util.concurrent.ForkJoinPool$WorkQueue.topLevelExec(ForkJoinPool.java:1020)
	at java.base/java.util.concurrent.ForkJoinPool.scan(ForkJoinPool.java:1656)
	at java.base/java.util.concurrent.ForkJoinPool.runWorker(ForkJoinPool.java:1594)
	at java.base/java.util.concurrent.ForkJoinWorkerThread.run(ForkJoinWorkerThread.java:177)
2024-01-28 20:53:40,222 [INFO] from play.api.db.HikariCPConnectionPool in application-akka.actor.internal-dispatcher-5 - Shutting down connection pool.
2024-01-28 20:53:41,903 [INFO] from play.api.db.DefaultDBApi in play-dev-mode-akka.actor.default-dispatcher-15 - Database [default] initialized at jdbc:mysql://localhost/play?autoReconnect=true&useSSL=false
2024-01-28 20:53:41,903 [INFO] from play.api.db.HikariCPConnectionPool in play-dev-mode-akka.actor.default-dispatcher-15 - Creating Pool for datasource 'default'
2024-01-28 20:53:41,906 [WARN] from com.zaxxer.hikari.util.DriverDataSource in play-dev-mode-akka.actor.default-dispatcher-15 - Registered driver with driverClassName=com.mysql.jdbc.Driver was not found, trying direct instantiation.
2024-01-28 20:53:43,240 [INFO] from play.api.http.EnabledFilters in play-dev-mode-akka.actor.default-dispatcher-15 - Enabled Filters (see <https://www.playframework.com/documentation/latest/Filters>):


2024-01-28 20:53:43,247 [INFO] from play.api.Play in play-dev-mode-akka.actor.default-dispatcher-15 - Application started (Dev) (no global state)
2024-01-28 21:01:38,270 [INFO] from play.api.db.HikariCPConnectionPool in application-akka.actor.internal-dispatcher-2 - Shutting down connection pool.
2024-01-28 21:01:40,215 [INFO] from play.api.db.DefaultDBApi in play-dev-mode-akka.actor.default-dispatcher-16 - Database [default] initialized at jdbc:mysql://localhost/play?autoReconnect=true&useSSL=false
2024-01-28 21:01:40,215 [INFO] from play.api.db.HikariCPConnectionPool in play-dev-mode-akka.actor.default-dispatcher-16 - Creating Pool for datasource 'default'
2024-01-28 21:01:40,226 [WARN] from com.zaxxer.hikari.util.DriverDataSource in play-dev-mode-akka.actor.default-dispatcher-16 - Registered driver with driverClassName=com.mysql.jdbc.Driver was not found, trying direct instantiation.
2024-01-28 21:01:41,102 [INFO] from play.api.http.EnabledFilters in play-dev-mode-akka.actor.default-dispatcher-16 - Enabled Filters (see <https://www.playframework.com/documentation/latest/Filters>):


2024-01-28 21:01:41,148 [INFO] from play.api.Play in play-dev-mode-akka.actor.default-dispatcher-16 - Application started (Dev) (no global state)
2024-01-28 21:05:53,044 [INFO] from play.api.db.HikariCPConnectionPool in application-akka.actor.internal-dispatcher-3 - Shutting down connection pool.
2024-01-28 21:05:55,168 [INFO] from play.api.db.DefaultDBApi in play-dev-mode-akka.actor.default-dispatcher-24 - Database [default] initialized at jdbc:mysql://localhost/play?autoReconnect=true&useSSL=false
2024-01-28 21:05:55,168 [INFO] from play.api.db.HikariCPConnectionPool in play-dev-mode-akka.actor.default-dispatcher-24 - Creating Pool for datasource 'default'
2024-01-28 21:05:55,170 [WARN] from com.zaxxer.hikari.util.DriverDataSource in play-dev-mode-akka.actor.default-dispatcher-24 - Registered driver with driverClassName=com.mysql.jdbc.Driver was not found, trying direct instantiation.
2024-01-28 21:05:55,996 [INFO] from play.api.http.EnabledFilters in play-dev-mode-akka.actor.default-dispatcher-24 - Enabled Filters (see <https://www.playframework.com/documentation/latest/Filters>):


2024-01-28 21:05:56,001 [INFO] from play.api.Play in play-dev-mode-akka.actor.default-dispatcher-24 - Application started (Dev) (no global state)
2024-01-28 21:08:44,809 [INFO] from play.api.db.HikariCPConnectionPool in application-akka.actor.internal-dispatcher-5 - Shutting down connection pool.
2024-01-28 21:08:45,959 [INFO] from play.api.db.DefaultDBApi in play-dev-mode-akka.actor.default-dispatcher-22 - Database [default] initialized at jdbc:mysql://localhost/play?autoReconnect=true&useSSL=false
2024-01-28 21:08:45,959 [INFO] from play.api.db.HikariCPConnectionPool in play-dev-mode-akka.actor.default-dispatcher-22 - Creating Pool for datasource 'default'
2024-01-28 21:08:45,964 [WARN] from com.zaxxer.hikari.util.DriverDataSource in play-dev-mode-akka.actor.default-dispatcher-22 - Registered driver with driverClassName=com.mysql.jdbc.Driver was not found, trying direct instantiation.
2024-01-28 21:08:46,625 [INFO] from play.api.http.EnabledFilters in play-dev-mode-akka.actor.default-dispatcher-22 - Enabled Filters (see <https://www.playframework.com/documentation/latest/Filters>):


2024-01-28 21:08:46,634 [INFO] from play.api.Play in play-dev-mode-akka.actor.default-dispatcher-22 - Application started (Dev) (no global state)
2024-01-28 21:11:32,509 [ERROR] from play.api.http.DefaultHttpErrorHandler in application-akka.actor.default-dispatcher-6 - 

! @84c0cenka - Internal server error, for (GET) [/4/delete] ->
 
play.api.http.HttpErrorHandlerExceptions$$anon$1: Execution exception[[CompletionException: java.io.UnsupportedEncodingException: Computer has been deleted]]
	at play.api.http.HttpErrorHandlerExceptions$.throwableToUsefulException(HttpErrorHandler.scala:335)
	at play.api.http.DefaultHttpErrorHandler.onServerError(HttpErrorHandler.scala:253)
	at play.core.server.AkkaHttpServer$$anonfun$2.applyOrElse(AkkaHttpServer.scala:424)
	at play.core.server.AkkaHttpServer$$anonfun$2.applyOrElse(AkkaHttpServer.scala:420)
	at scala.concurrent.Future.$anonfun$recoverWith$1(Future.scala:417)
	at scala.concurrent.impl.Promise.$anonfun$transformWith$1(Promise.scala:41)
	at scala.concurrent.impl.CallbackRunnable.run(Promise.scala:64)
	at akka.dispatch.BatchingExecutor$AbstractBatch.processBatch(BatchingExecutor.scala:55)
	at akka.dispatch.BatchingExecutor$BlockableBatch.$anonfun$run$1(BatchingExecutor.scala:92)
	at scala.runtime.java8.JFunction0$mcV$sp.apply(JFunction0$mcV$sp.java:23)
	at scala.concurrent.BlockContext$.withBlockContext(BlockContext.scala:85)
	at akka.dispatch.BatchingExecutor$BlockableBatch.run(BatchingExecutor.scala:92)
	at akka.dispatch.TaskInvocation.run(AbstractDispatcher.scala:47)
	at akka.dispatch.ForkJoinExecutorConfigurator$AkkaForkJoinTask.exec(ForkJoinExecutorConfigurator.scala:47)
	at java.base/java.util.concurrent.ForkJoinTask.doExec(ForkJoinTask.java:290)
	at java.base/java.util.concurrent.ForkJoinPool$WorkQueue.topLevelExec(ForkJoinPool.java:1020)
	at java.base/java.util.concurrent.ForkJoinPool.scan(ForkJoinPool.java:1656)
	at java.base/java.util.concurrent.ForkJoinPool.runWorker(ForkJoinPool.java:1594)
	at java.base/java.util.concurrent.ForkJoinWorkerThread.run(ForkJoinWorkerThread.java:177)
Caused by: java.util.concurrent.CompletionException: java.io.UnsupportedEncodingException: Computer has been deleted
	at java.base/java.util.concurrent.CompletableFuture.encodeThrowable(CompletableFuture.java:314)
	at java.base/java.util.concurrent.CompletableFuture.completeThrowable(CompletableFuture.java:319)
	at java.base/java.util.concurrent.CompletableFuture$UniApply.tryFire(CompletableFuture.java:645)
	at java.base/java.util.concurrent.CompletableFuture$Completion.run(CompletableFuture.java:478)
	at play.core.j.HttpExecutionContext.$anonfun$execute$1(HttpExecutionContext.scala:64)
	... 7 common frames omitted
Caused by: java.io.UnsupportedEncodingException: Computer has been deleted
	at java.base/java.lang.StringCoding.encode(StringCoding.java:427)
	at java.base/java.lang.String.getBytes(String.java:941)
	at akka.util.CompactByteString$.apply(ByteString.scala:893)
	at akka.util.ByteString$.apply(ByteString.scala:51)
	at akka.util.ByteString$.fromString(ByteString.scala:122)
	at akka.util.ByteString.fromString(ByteString.scala)
	at play.http.HttpEntity.fromString(HttpEntity.java:91)
	at play.mvc.Results.status(Results.java:115)
	at play.mvc.Results.ok(Results.java:502)
	at controllers.HomeController.lambda$delete$1(HomeController.java:56)
	at java.base/java.util.concurrent.CompletableFuture$UniApply.tryFire(CompletableFuture.java:642)
	... 9 common frames omitted
2024-01-28 21:40:52,962 [INFO] from play.api.db.HikariCPConnectionPool in application-akka.actor.internal-dispatcher-3 - Shutting down connection pool.
2024-01-28 21:40:57,132 [INFO] from play.api.db.DefaultDBApi in play-dev-mode-akka.actor.default-dispatcher-40 - Database [default] initialized at jdbc:mysql://localhost/play?autoReconnect=true&useSSL=false
2024-01-28 21:40:57,133 [INFO] from play.api.db.HikariCPConnectionPool in play-dev-mode-akka.actor.default-dispatcher-40 - Creating Pool for datasource 'default'
2024-01-28 21:40:57,152 [WARN] from com.zaxxer.hikari.util.DriverDataSource in play-dev-mode-akka.actor.default-dispatcher-40 - Registered driver with driverClassName=com.mysql.jdbc.Driver was not found, trying direct instantiation.
2024-01-28 21:41:03,807 [INFO] from play.api.http.EnabledFilters in play-dev-mode-akka.actor.default-dispatcher-40 - Enabled Filters (see <https://www.playframework.com/documentation/latest/Filters>):


2024-01-28 21:41:03,813 [INFO] from play.api.Play in play-dev-mode-akka.actor.default-dispatcher-40 - Application started (Dev) (no global state)
2024-01-28 22:45:57,674 [ERROR] from play.api.http.DefaultHttpErrorHandler in play-dev-mode-akka.actor.default-dispatcher-54 - 

! @84c0op5ej - Internal server error, for (POST) [/pdf/create/upload/4] ->
 
play.sbt.PlayExceptions$CompilationException: Compilation error[unreachable statement]
	at play.sbt.PlayExceptions$CompilationException$.apply(PlayExceptions.scala:34)
	at play.sbt.PlayExceptions$CompilationException$.apply(PlayExceptions.scala:34)
	at scala.Option.map(Option.scala:146)
	at play.sbt.run.PlayReload$.$anonfun$taskFailureHandler$1(PlayReload.scala:40)
	at scala.Option.map(Option.scala:146)
	at play.sbt.run.PlayReload$.taskFailureHandler(PlayReload.scala:35)
	at play.sbt.run.PlayReload$.compileFailure(PlayReload.scala:28)
	at play.sbt.run.PlayReload$.$anonfun$compile$3(PlayReload.scala:63)
	at scala.util.Either$LeftProjection.map(Either.scala:569)
	at play.sbt.run.PlayReload$.compile(PlayReload.scala:63)
	at play.sbt.run.PlayRun$.$anonfun$playRunTask$4(PlayRun.scala:78)
	at play.runsupport.Reloader.$anonfun$reload$1(Reloader.scala:496)
	at play.runsupport.Reloader$$anon$1.run(Reloader.scala:57)
	at java.base/java.security.AccessController.doPrivileged(Native Method)
	at play.runsupport.Reloader$.play$runsupport$Reloader$$withReloaderContextClassLoader(Reloader.scala:63)
	at play.runsupport.Reloader.reload(Reloader.scala:496)
	at play.core.server.DevServerStart$$anon$1.get(DevServerStart.scala:141)
	at play.core.server.AkkaHttpServer.handleRequest(AkkaHttpServer.scala:300)
	at play.core.server.AkkaHttpServer.$anonfun$createServerBinding$1(AkkaHttpServer.scala:190)
	at akka.stream.impl.fusing.MapAsync$$anon$30.onPush(Ops.scala:1289)
	at akka.stream.impl.fusing.GraphInterpreter.processPush(GraphInterpreter.scala:541)
	at akka.stream.impl.fusing.GraphInterpreter.execute(GraphInterpreter.scala:423)
	at akka.stream.impl.fusing.GraphInterpreterShell.runBatch(ActorGraphInterpreter.scala:624)
	at akka.stream.impl.fusing.GraphInterpreterShell$AsyncInput.execute(ActorGraphInterpreter.scala:501)
	at akka.stream.impl.fusing.GraphInterpreterShell.processEvent(ActorGraphInterpreter.scala:599)
	at akka.stream.impl.fusing.ActorGraphInterpreter.akka$stream$impl$fusing$ActorGraphInterpreter$$processEvent(ActorGraphInterpreter.scala:768)
	at akka.stream.impl.fusing.ActorGraphInterpreter$$anonfun$receive$1.applyOrElse(ActorGraphInterpreter.scala:783)
	at akka.actor.Actor.aroundReceive(Actor.scala:534)
	at akka.actor.Actor.aroundReceive$(Actor.scala:532)
	at akka.stream.impl.fusing.ActorGraphInterpreter.aroundReceive(ActorGraphInterpreter.scala:690)
	at akka.actor.ActorCell.receiveMessage(ActorCell.scala:573)
	at akka.actor.ActorCell.invoke(ActorCell.scala:543)
	at akka.dispatch.Mailbox.processMailbox(Mailbox.scala:269)
	at akka.dispatch.Mailbox.run(Mailbox.scala:230)
	at akka.dispatch.Mailbox.exec(Mailbox.scala:242)
	at java.base/java.util.concurrent.ForkJoinTask.doExec(ForkJoinTask.java:290)
	at java.base/java.util.concurrent.ForkJoinPool$WorkQueue.topLevelExec(ForkJoinPool.java:1020)
	at java.base/java.util.concurrent.ForkJoinPool.scan(ForkJoinPool.java:1656)
	at java.base/java.util.concurrent.ForkJoinPool.runWorker(ForkJoinPool.java:1594)
	at java.base/java.util.concurrent.ForkJoinWorkerThread.run(ForkJoinWorkerThread.java:177)
2024-01-28 22:48:38,543 [INFO] from play.api.db.HikariCPConnectionPool in application-akka.actor.internal-dispatcher-3 - Shutting down connection pool.
2024-01-28 22:48:39,951 [INFO] from play.api.db.DefaultDBApi in play-dev-mode-akka.actor.default-dispatcher-55 - Database [default] initialized at jdbc:mysql://localhost/play?autoReconnect=true&useSSL=false
2024-01-28 22:48:39,952 [INFO] from play.api.db.HikariCPConnectionPool in play-dev-mode-akka.actor.default-dispatcher-55 - Creating Pool for datasource 'default'
2024-01-28 22:48:39,957 [WARN] from com.zaxxer.hikari.util.DriverDataSource in play-dev-mode-akka.actor.default-dispatcher-55 - Registered driver with driverClassName=com.mysql.jdbc.Driver was not found, trying direct instantiation.
2024-01-28 22:48:41,013 [INFO] from play.api.http.EnabledFilters in play-dev-mode-akka.actor.default-dispatcher-55 - Enabled Filters (see <https://www.playframework.com/documentation/latest/Filters>):


2024-01-28 22:48:41,018 [INFO] from play.api.Play in play-dev-mode-akka.actor.default-dispatcher-55 - Application started (Dev) (no global state)
2024-01-28 22:48:41,083 [ERROR] from play.api.http.DefaultHttpErrorHandler in play-dev-mode-akka.actor.default-dispatcher-55 - 

! @84c0p8dpd - Internal server error, for (POST) [/pdf/create/upload/4] ->
 
play.api.db.evolutions.InvalidDatabaseRevision: Database 'default' needs evolution![An SQL script need to be run on your database.]
	at play.api.db.evolutions.EvolutionsWebCommands.$anonfun$handleWebCommand$5(ApplicationEvolutions.scala:523)
	at play.api.db.evolutions.EvolutionsWebCommands.$anonfun$handleWebCommand$5$adapted(ApplicationEvolutions.scala:516)
	at play.api.db.evolutions.ApplicationEvolutions$.$anonfun$runEvolutions$1(ApplicationEvolutions.scala:208)
	at play.api.db.evolutions.ApplicationEvolutions$.withLock(ApplicationEvolutions.scala:229)
	at play.api.db.evolutions.ApplicationEvolutions$.runEvolutions(ApplicationEvolutions.scala:199)
	at play.api.db.evolutions.EvolutionsWebCommands.$anonfun$handleWebCommand$4(ApplicationEvolutions.scala:516)
	at play.api.db.evolutions.EvolutionsWebCommands.$anonfun$handleWebCommand$4$adapted(ApplicationEvolutions.scala:511)
	at scala.collection.immutable.List.foreach(List.scala:392)
	at play.api.db.evolutions.EvolutionsWebCommands.handleWebCommand(ApplicationEvolutions.scala:511)
	at play.core.DefaultWebCommands.$anonfun$handleWebCommand$1(WebCommands.scala:42)
	at scala.collection.immutable.Stream.flatMap(Stream.scala:489)
	at play.core.DefaultWebCommands.handleWebCommand(WebCommands.scala:42)
	at play.api.http.DefaultHttpRequestHandler.$anonfun$handlerForRequest$4(HttpRequestHandler.scala:200)
	at scala.Option.flatMap(Option.scala:188)
	at play.api.http.DefaultHttpRequestHandler.handlerForRequest(HttpRequestHandler.scala:199)
	at play.core.server.Server$.getHandlerFor(Server.scala:126)
	at play.core.server.AkkaHttpServer.handleRequest(AkkaHttpServer.scala:315)
	at play.core.server.AkkaHttpServer.$anonfun$createServerBinding$1(AkkaHttpServer.scala:190)
	at akka.stream.impl.fusing.MapAsync$$anon$30.onPush(Ops.scala:1289)
	at akka.stream.impl.fusing.GraphInterpreter.processPush(GraphInterpreter.scala:541)
	at akka.stream.impl.fusing.GraphInterpreter.execute(GraphInterpreter.scala:423)
	at akka.stream.impl.fusing.GraphInterpreterShell.runBatch(ActorGraphInterpreter.scala:624)
	at akka.stream.impl.fusing.GraphInterpreterShell$AsyncInput.execute(ActorGraphInterpreter.scala:501)
	at akka.stream.impl.fusing.GraphInterpreterShell.processEvent(ActorGraphInterpreter.scala:599)
	at akka.stream.impl.fusing.ActorGraphInterpreter.akka$stream$impl$fusing$ActorGraphInterpreter$$processEvent(ActorGraphInterpreter.scala:768)
	at akka.stream.impl.fusing.ActorGraphInterpreter$$anonfun$receive$1.applyOrElse(ActorGraphInterpreter.scala:783)
	at akka.actor.Actor.aroundReceive(Actor.scala:534)
	at akka.actor.Actor.aroundReceive$(Actor.scala:532)
	at akka.stream.impl.fusing.ActorGraphInterpreter.aroundReceive(ActorGraphInterpreter.scala:690)
	at akka.actor.ActorCell.receiveMessage(ActorCell.scala:573)
	at akka.actor.ActorCell.invoke(ActorCell.scala:543)
	at akka.dispatch.Mailbox.processMailbox(Mailbox.scala:269)
	at akka.dispatch.Mailbox.run(Mailbox.scala:230)
	at akka.dispatch.Mailbox.exec(Mailbox.scala:242)
	at java.base/java.util.concurrent.ForkJoinTask.doExec(ForkJoinTask.java:290)
	at java.base/java.util.concurrent.ForkJoinPool$WorkQueue.topLevelExec(ForkJoinPool.java:1020)
	at java.base/java.util.concurrent.ForkJoinPool.scan(ForkJoinPool.java:1656)
	at java.base/java.util.concurrent.ForkJoinPool.runWorker(ForkJoinPool.java:1594)
	at java.base/java.util.concurrent.ForkJoinWorkerThread.run(ForkJoinWorkerThread.java:177)
2024-01-28 22:49:12,380 [ERROR] from play.api.http.DefaultHttpErrorHandler in play-dev-mode-akka.actor.default-dispatcher-57 - 

! @84c0pa877 - Internal server error, for (GET) [/] ->
 
play.api.db.evolutions.InvalidDatabaseRevision: Database 'default' needs evolution![An SQL script need to be run on your database.]
	at play.api.db.evolutions.EvolutionsWebCommands.$anonfun$handleWebCommand$5(ApplicationEvolutions.scala:523)
	at play.api.db.evolutions.EvolutionsWebCommands.$anonfun$handleWebCommand$5$adapted(ApplicationEvolutions.scala:516)
	at play.api.db.evolutions.ApplicationEvolutions$.$anonfun$runEvolutions$1(ApplicationEvolutions.scala:208)
	at play.api.db.evolutions.ApplicationEvolutions$.withLock(ApplicationEvolutions.scala:229)
	at play.api.db.evolutions.ApplicationEvolutions$.runEvolutions(ApplicationEvolutions.scala:199)
	at play.api.db.evolutions.EvolutionsWebCommands.$anonfun$handleWebCommand$4(ApplicationEvolutions.scala:516)
	at play.api.db.evolutions.EvolutionsWebCommands.$anonfun$handleWebCommand$4$adapted(ApplicationEvolutions.scala:511)
	at scala.collection.immutable.List.foreach(List.scala:392)
	at play.api.db.evolutions.EvolutionsWebCommands.handleWebCommand(ApplicationEvolutions.scala:511)
	at play.core.DefaultWebCommands.$anonfun$handleWebCommand$1(WebCommands.scala:42)
	at scala.collection.immutable.Stream.flatMap(Stream.scala:489)
	at play.core.DefaultWebCommands.handleWebCommand(WebCommands.scala:42)
	at play.api.http.DefaultHttpRequestHandler.$anonfun$handlerForRequest$4(HttpRequestHandler.scala:200)
	at scala.Option.flatMap(Option.scala:188)
	at play.api.http.DefaultHttpRequestHandler.handlerForRequest(HttpRequestHandler.scala:199)
	at play.core.server.Server$.getHandlerFor(Server.scala:126)
	at play.core.server.AkkaHttpServer.handleRequest(AkkaHttpServer.scala:315)
	at play.core.server.AkkaHttpServer.$anonfun$createServerBinding$1(AkkaHttpServer.scala:190)
	at akka.stream.impl.fusing.MapAsync$$anon$30.onPush(Ops.scala:1289)
	at akka.stream.impl.fusing.GraphInterpreter.processPush(GraphInterpreter.scala:541)
	at akka.stream.impl.fusing.GraphInterpreter.execute(GraphInterpreter.scala:423)
	at akka.stream.impl.fusing.GraphInterpreterShell.runBatch(ActorGraphInterpreter.scala:624)
	at akka.stream.impl.fusing.GraphInterpreterShell$AsyncInput.execute(ActorGraphInterpreter.scala:501)
	at akka.stream.impl.fusing.GraphInterpreterShell.processEvent(ActorGraphInterpreter.scala:599)
	at akka.stream.impl.fusing.ActorGraphInterpreter.akka$stream$impl$fusing$ActorGraphInterpreter$$processEvent(ActorGraphInterpreter.scala:768)
	at akka.stream.impl.fusing.ActorGraphInterpreter$$anonfun$receive$1.applyOrElse(ActorGraphInterpreter.scala:783)
	at akka.actor.Actor.aroundReceive(Actor.scala:534)
	at akka.actor.Actor.aroundReceive$(Actor.scala:532)
	at akka.stream.impl.fusing.ActorGraphInterpreter.aroundReceive(ActorGraphInterpreter.scala:690)
	at akka.actor.ActorCell.receiveMessage(ActorCell.scala:573)
	at akka.actor.ActorCell.invoke(ActorCell.scala:543)
	at akka.dispatch.Mailbox.processMailbox(Mailbox.scala:269)
	at akka.dispatch.Mailbox.run(Mailbox.scala:230)
	at akka.dispatch.Mailbox.exec(Mailbox.scala:242)
	at java.base/java.util.concurrent.ForkJoinTask.doExec(ForkJoinTask.java:290)
	at java.base/java.util.concurrent.ForkJoinPool$WorkQueue.topLevelExec(ForkJoinPool.java:1020)
	at java.base/java.util.concurrent.ForkJoinPool.scan(ForkJoinPool.java:1656)
	at java.base/java.util.concurrent.ForkJoinPool.runWorker(ForkJoinPool.java:1594)
	at java.base/java.util.concurrent.ForkJoinWorkerThread.run(ForkJoinWorkerThread.java:177)
2024-01-28 22:50:00,630 [INFO] from play.api.db.HikariCPConnectionPool in application-akka.actor.internal-dispatcher-2 - Shutting down connection pool.
2024-01-28 22:50:02,805 [INFO] from play.api.db.DefaultDBApi in play-dev-mode-akka.actor.default-dispatcher-55 - Database [default] initialized at jdbc:mysql://localhost/play?autoReconnect=true&useSSL=false
2024-01-28 22:50:02,805 [INFO] from play.api.db.HikariCPConnectionPool in play-dev-mode-akka.actor.default-dispatcher-55 - Creating Pool for datasource 'default'
2024-01-28 22:50:02,812 [WARN] from com.zaxxer.hikari.util.DriverDataSource in play-dev-mode-akka.actor.default-dispatcher-55 - Registered driver with driverClassName=com.mysql.jdbc.Driver was not found, trying direct instantiation.
2024-01-28 22:50:04,466 [INFO] from play.api.http.EnabledFilters in play-dev-mode-akka.actor.default-dispatcher-55 - Enabled Filters (see <https://www.playframework.com/documentation/latest/Filters>):


2024-01-28 22:50:04,471 [INFO] from play.api.Play in play-dev-mode-akka.actor.default-dispatcher-55 - Application started (Dev) (no global state)
2024-01-28 22:57:50,773 [INFO] from play.api.db.HikariCPConnectionPool in application-akka.actor.internal-dispatcher-3 - Shutting down connection pool.
2024-01-28 22:57:52,129 [INFO] from play.api.db.DefaultDBApi in play-dev-mode-akka.actor.default-dispatcher-69 - Database [default] initialized at jdbc:mysql://localhost/play?autoReconnect=true&useSSL=false
2024-01-28 22:57:52,130 [INFO] from play.api.db.HikariCPConnectionPool in play-dev-mode-akka.actor.default-dispatcher-69 - Creating Pool for datasource 'default'
2024-01-28 22:57:52,132 [WARN] from com.zaxxer.hikari.util.DriverDataSource in play-dev-mode-akka.actor.default-dispatcher-69 - Registered driver with driverClassName=com.mysql.jdbc.Driver was not found, trying direct instantiation.
2024-01-28 22:57:53,446 [INFO] from play.api.http.EnabledFilters in play-dev-mode-akka.actor.default-dispatcher-69 - Enabled Filters (see <https://www.playframework.com/documentation/latest/Filters>):


2024-01-28 22:57:53,450 [INFO] from play.api.Play in play-dev-mode-akka.actor.default-dispatcher-69 - Application started (Dev) (no global state)
2024-01-28 23:26:24,087 [INFO] from play.api.db.HikariCPConnectionPool in application-akka.actor.internal-dispatcher-3 - Shutting down connection pool.
2024-01-28 23:26:25,952 [INFO] from play.api.db.DefaultDBApi in play-dev-mode-akka.actor.default-dispatcher-59 - Database [default] initialized at jdbc:mysql://localhost/play?autoReconnect=true&useSSL=false
2024-01-28 23:26:25,953 [INFO] from play.api.db.HikariCPConnectionPool in play-dev-mode-akka.actor.default-dispatcher-59 - Creating Pool for datasource 'default'
2024-01-28 23:26:25,956 [WARN] from com.zaxxer.hikari.util.DriverDataSource in play-dev-mode-akka.actor.default-dispatcher-59 - Registered driver with driverClassName=com.mysql.jdbc.Driver was not found, trying direct instantiation.
2024-01-28 23:26:26,999 [INFO] from play.api.http.EnabledFilters in play-dev-mode-akka.actor.default-dispatcher-59 - Enabled Filters (see <https://www.playframework.com/documentation/latest/Filters>):


2024-01-28 23:26:27,003 [INFO] from play.api.Play in play-dev-mode-akka.actor.default-dispatcher-59 - Application started (Dev) (no global state)
2024-01-28 23:34:25,413 [INFO] from play.api.db.HikariCPConnectionPool in application-akka.actor.internal-dispatcher-3 - Shutting down connection pool.
2024-01-28 23:34:27,257 [INFO] from play.api.db.DefaultDBApi in play-dev-mode-akka.actor.default-dispatcher-82 - Database [default] initialized at jdbc:mysql://localhost/play?autoReconnect=true&useSSL=false
2024-01-28 23:34:27,258 [INFO] from play.api.db.HikariCPConnectionPool in play-dev-mode-akka.actor.default-dispatcher-82 - Creating Pool for datasource 'default'
2024-01-28 23:34:27,262 [WARN] from com.zaxxer.hikari.util.DriverDataSource in play-dev-mode-akka.actor.default-dispatcher-82 - Registered driver with driverClassName=com.mysql.jdbc.Driver was not found, trying direct instantiation.
2024-01-28 23:34:32,848 [INFO] from play.api.http.EnabledFilters in play-dev-mode-akka.actor.default-dispatcher-82 - Enabled Filters (see <https://www.playframework.com/documentation/latest/Filters>):


2024-01-28 23:34:32,864 [INFO] from play.api.Play in play-dev-mode-akka.actor.default-dispatcher-82 - Application started (Dev) (no global state)
2024-01-28 23:34:33,062 [ERROR] from play.api.http.DefaultHttpErrorHandler in play-dev-mode-akka.actor.default-dispatcher-82 - 

! @84c1592ol - Internal server error, for (GET) [/pdf/download/1] ->
 
play.api.db.evolutions.InvalidDatabaseRevision: Database 'default' needs evolution![An SQL script need to be run on your database.]
	at play.api.db.evolutions.EvolutionsWebCommands.$anonfun$handleWebCommand$5(ApplicationEvolutions.scala:523)
	at play.api.db.evolutions.EvolutionsWebCommands.$anonfun$handleWebCommand$5$adapted(ApplicationEvolutions.scala:516)
	at play.api.db.evolutions.ApplicationEvolutions$.$anonfun$runEvolutions$1(ApplicationEvolutions.scala:208)
	at play.api.db.evolutions.ApplicationEvolutions$.withLock(ApplicationEvolutions.scala:229)
	at play.api.db.evolutions.ApplicationEvolutions$.runEvolutions(ApplicationEvolutions.scala:199)
	at play.api.db.evolutions.EvolutionsWebCommands.$anonfun$handleWebCommand$4(ApplicationEvolutions.scala:516)
	at play.api.db.evolutions.EvolutionsWebCommands.$anonfun$handleWebCommand$4$adapted(ApplicationEvolutions.scala:511)
	at scala.collection.immutable.List.foreach(List.scala:392)
	at play.api.db.evolutions.EvolutionsWebCommands.handleWebCommand(ApplicationEvolutions.scala:511)
	at play.core.DefaultWebCommands.$anonfun$handleWebCommand$1(WebCommands.scala:42)
	at scala.collection.immutable.Stream.flatMap(Stream.scala:489)
	at play.core.DefaultWebCommands.handleWebCommand(WebCommands.scala:42)
	at play.api.http.DefaultHttpRequestHandler.$anonfun$handlerForRequest$4(HttpRequestHandler.scala:200)
	at scala.Option.flatMap(Option.scala:188)
	at play.api.http.DefaultHttpRequestHandler.handlerForRequest(HttpRequestHandler.scala:199)
	at play.core.server.Server$.getHandlerFor(Server.scala:126)
	at play.core.server.AkkaHttpServer.handleRequest(AkkaHttpServer.scala:315)
	at play.core.server.AkkaHttpServer.$anonfun$createServerBinding$1(AkkaHttpServer.scala:190)
	at akka.stream.impl.fusing.MapAsync$$anon$30.onPush(Ops.scala:1289)
	at akka.stream.impl.fusing.GraphInterpreter.processPush(GraphInterpreter.scala:541)
	at akka.stream.impl.fusing.GraphInterpreter.execute(GraphInterpreter.scala:423)
	at akka.stream.impl.fusing.GraphInterpreterShell.runBatch(ActorGraphInterpreter.scala:624)
	at akka.stream.impl.fusing.GraphInterpreterShell$AsyncInput.execute(ActorGraphInterpreter.scala:501)
	at akka.stream.impl.fusing.GraphInterpreterShell.processEvent(ActorGraphInterpreter.scala:599)
	at akka.stream.impl.fusing.ActorGraphInterpreter.akka$stream$impl$fusing$ActorGraphInterpreter$$processEvent(ActorGraphInterpreter.scala:768)
	at akka.stream.impl.fusing.ActorGraphInterpreter$$anonfun$receive$1.applyOrElse(ActorGraphInterpreter.scala:783)
	at akka.actor.Actor.aroundReceive(Actor.scala:534)
	at akka.actor.Actor.aroundReceive$(Actor.scala:532)
	at akka.stream.impl.fusing.ActorGraphInterpreter.aroundReceive(ActorGraphInterpreter.scala:690)
	at akka.actor.ActorCell.receiveMessage(ActorCell.scala:573)
	at akka.actor.ActorCell.invoke(ActorCell.scala:543)
	at akka.dispatch.Mailbox.processMailbox(Mailbox.scala:269)
	at akka.dispatch.Mailbox.run(Mailbox.scala:230)
	at akka.dispatch.Mailbox.exec(Mailbox.scala:242)
	at java.base/java.util.concurrent.ForkJoinTask.doExec(ForkJoinTask.java:290)
	at java.base/java.util.concurrent.ForkJoinPool$WorkQueue.topLevelExec(ForkJoinPool.java:1020)
	at java.base/java.util.concurrent.ForkJoinPool.scan(ForkJoinPool.java:1656)
	at java.base/java.util.concurrent.ForkJoinPool.runWorker(ForkJoinPool.java:1594)
	at java.base/java.util.concurrent.ForkJoinWorkerThread.run(ForkJoinWorkerThread.java:177)
2024-01-28 23:34:44,129 [ERROR] from play.api.http.DefaultHttpErrorHandler in play-dev-mode-akka.actor.default-dispatcher-77 - 

! @84c159j8d - Internal server error, for (GET) [/] ->
 
play.api.db.evolutions.InvalidDatabaseRevision: Database 'default' needs evolution![An SQL script need to be run on your database.]
	at play.api.db.evolutions.EvolutionsWebCommands.$anonfun$handleWebCommand$5(ApplicationEvolutions.scala:523)
	at play.api.db.evolutions.EvolutionsWebCommands.$anonfun$handleWebCommand$5$adapted(ApplicationEvolutions.scala:516)
	at play.api.db.evolutions.ApplicationEvolutions$.$anonfun$runEvolutions$1(ApplicationEvolutions.scala:208)
	at play.api.db.evolutions.ApplicationEvolutions$.withLock(ApplicationEvolutions.scala:229)
	at play.api.db.evolutions.ApplicationEvolutions$.runEvolutions(ApplicationEvolutions.scala:199)
	at play.api.db.evolutions.EvolutionsWebCommands.$anonfun$handleWebCommand$4(ApplicationEvolutions.scala:516)
	at play.api.db.evolutions.EvolutionsWebCommands.$anonfun$handleWebCommand$4$adapted(ApplicationEvolutions.scala:511)
	at scala.collection.immutable.List.foreach(List.scala:392)
	at play.api.db.evolutions.EvolutionsWebCommands.handleWebCommand(ApplicationEvolutions.scala:511)
	at play.core.DefaultWebCommands.$anonfun$handleWebCommand$1(WebCommands.scala:42)
	at scala.collection.immutable.Stream.flatMap(Stream.scala:489)
	at play.core.DefaultWebCommands.handleWebCommand(WebCommands.scala:42)
	at play.api.http.DefaultHttpRequestHandler.$anonfun$handlerForRequest$4(HttpRequestHandler.scala:200)
	at scala.Option.flatMap(Option.scala:188)
	at play.api.http.DefaultHttpRequestHandler.handlerForRequest(HttpRequestHandler.scala:199)
	at play.core.server.Server$.getHandlerFor(Server.scala:126)
	at play.core.server.AkkaHttpServer.handleRequest(AkkaHttpServer.scala:315)
	at play.core.server.AkkaHttpServer.$anonfun$createServerBinding$1(AkkaHttpServer.scala:190)
	at akka.stream.impl.fusing.MapAsync$$anon$30.onPush(Ops.scala:1289)
	at akka.stream.impl.fusing.GraphInterpreter.processPush(GraphInterpreter.scala:541)
	at akka.stream.impl.fusing.GraphInterpreter.execute(GraphInterpreter.scala:423)
	at akka.stream.impl.fusing.GraphInterpreterShell.runBatch(ActorGraphInterpreter.scala:624)
	at akka.stream.impl.fusing.GraphInterpreterShell$AsyncInput.execute(ActorGraphInterpreter.scala:501)
	at akka.stream.impl.fusing.GraphInterpreterShell.processEvent(ActorGraphInterpreter.scala:599)
	at akka.stream.impl.fusing.ActorGraphInterpreter.akka$stream$impl$fusing$ActorGraphInterpreter$$processEvent(ActorGraphInterpreter.scala:768)
	at akka.stream.impl.fusing.ActorGraphInterpreter$$anonfun$receive$1.applyOrElse(ActorGraphInterpreter.scala:783)
	at akka.actor.Actor.aroundReceive(Actor.scala:534)
	at akka.actor.Actor.aroundReceive$(Actor.scala:532)
	at akka.stream.impl.fusing.ActorGraphInterpreter.aroundReceive(ActorGraphInterpreter.scala:690)
	at akka.actor.ActorCell.receiveMessage(ActorCell.scala:573)
	at akka.actor.ActorCell.invoke(ActorCell.scala:543)
	at akka.dispatch.Mailbox.processMailbox(Mailbox.scala:269)
	at akka.dispatch.Mailbox.run(Mailbox.scala:230)
	at akka.dispatch.Mailbox.exec(Mailbox.scala:242)
	at java.base/java.util.concurrent.ForkJoinTask.doExec(ForkJoinTask.java:290)
	at java.base/java.util.concurrent.ForkJoinPool$WorkQueue.topLevelExec(ForkJoinPool.java:1020)
	at java.base/java.util.concurrent.ForkJoinPool.scan(ForkJoinPool.java:1656)
	at java.base/java.util.concurrent.ForkJoinPool.runWorker(ForkJoinPool.java:1594)
	at java.base/java.util.concurrent.ForkJoinWorkerThread.run(ForkJoinWorkerThread.java:177)
2024-01-28 23:34:51,306 [ERROR] from org.jdbcdslog.StatementLogger in play-dev-mode-akka.actor.default-dispatcher-79 - java.sql.Statement.execute: alter table computer drop foreign key fk_computer_company_id;
throws exception: java.sql.SQLSyntaxErrorException: Can't DROP 'fk_computer_company_id'; check that column/key exists
java.sql.SQLSyntaxErrorException: Can't DROP 'fk_computer_company_id'; check that column/key exists
	at com.mysql.cj.jdbc.exceptions.SQLError.createSQLException(SQLError.java:120)
	at com.mysql.cj.jdbc.exceptions.SQLExceptionsMapping.translateException(SQLExceptionsMapping.java:122)
	at com.mysql.cj.jdbc.StatementImpl.executeInternal(StatementImpl.java:763)
	at com.mysql.cj.jdbc.StatementImpl.execute(StatementImpl.java:648)
	at com.zaxxer.hikari.pool.ProxyStatement.execute(ProxyStatement.java:95)
	at com.zaxxer.hikari.pool.HikariProxyStatement.execute(HikariProxyStatement.java)
	at jdk.internal.reflect.GeneratedMethodAccessor8.invoke(Unknown Source)
	at java.base/jdk.internal.reflect.DelegatingMethodAccessorImpl.invoke(DelegatingMethodAccessorImpl.java:43)
	at java.base/java.lang.reflect.Method.invoke(Method.java:566)
	at org.jdbcdslog.StatementLoggingHandler.invoke(StatementLoggingHandler.java:27)
	at com.sun.proxy.$Proxy53.execute(Unknown Source)
	at play.api.db.evolutions.DatabaseEvolutions.execute(EvolutionsApi.scala:346)
	at play.api.db.evolutions.DatabaseEvolutions.$anonfun$evolve$4(EvolutionsApi.scala:221)
	at play.api.db.evolutions.DatabaseEvolutions.$anonfun$evolve$4$adapted(EvolutionsApi.scala:218)
	at scala.collection.IndexedSeqOptimized.foreach(IndexedSeqOptimized.scala:36)
	at scala.collection.IndexedSeqOptimized.foreach$(IndexedSeqOptimized.scala:33)
	at scala.collection.mutable.WrappedArray.foreach(WrappedArray.scala:39)
	at play.api.db.evolutions.DatabaseEvolutions.$anonfun$evolve$3(EvolutionsApi.scala:218)
	at play.api.db.evolutions.DatabaseEvolutions.$anonfun$evolve$3$adapted(EvolutionsApi.scala:213)
	at scala.collection.immutable.List.foreach(List.scala:392)
	at play.api.db.evolutions.DatabaseEvolutions.evolve(EvolutionsApi.scala:213)
	at play.api.db.evolutions.DefaultEvolutionsApi.evolve(EvolutionsApi.scala:103)
	at play.api.db.evolutions.EvolutionsWebCommands.handleWebCommand(ApplicationEvolutions.scala:490)
	at play.core.DefaultWebCommands.$anonfun$handleWebCommand$1(WebCommands.scala:42)
	at scala.collection.immutable.Stream.flatMap(Stream.scala:489)
	at play.core.DefaultWebCommands.handleWebCommand(WebCommands.scala:42)
	at play.api.http.DefaultHttpRequestHandler.$anonfun$handlerForRequest$4(HttpRequestHandler.scala:200)
	at scala.Option.flatMap(Option.scala:188)
	at play.api.http.DefaultHttpRequestHandler.handlerForRequest(HttpRequestHandler.scala:199)
	at play.core.server.Server$.getHandlerFor(Server.scala:126)
	at play.core.server.AkkaHttpServer.handleRequest(AkkaHttpServer.scala:315)
	at play.core.server.AkkaHttpServer.$anonfun$createServerBinding$1(AkkaHttpServer.scala:190)
	at akka.stream.impl.fusing.MapAsync$$anon$30.onPush(Ops.scala:1289)
	at akka.stream.impl.fusing.GraphInterpreter.processPush(GraphInterpreter.scala:541)
	at akka.stream.impl.fusing.GraphInterpreter.execute(GraphInterpreter.scala:423)
	at akka.stream.impl.fusing.GraphInterpreterShell.runBatch(ActorGraphInterpreter.scala:624)
	at akka.stream.impl.fusing.GraphInterpreterShell$AsyncInput.execute(ActorGraphInterpreter.scala:501)
	at akka.stream.impl.fusing.GraphInterpreterShell.processEvent(ActorGraphInterpreter.scala:599)
	at akka.stream.impl.fusing.ActorGraphInterpreter.akka$stream$impl$fusing$ActorGraphInterpreter$$processEvent(ActorGraphInterpreter.scala:768)
	at akka.stream.impl.fusing.ActorGraphInterpreter$$anonfun$receive$1.applyOrElse(ActorGraphInterpreter.scala:783)
	at akka.actor.Actor.aroundReceive(Actor.scala:534)
	at akka.actor.Actor.aroundReceive$(Actor.scala:532)
	at akka.stream.impl.fusing.ActorGraphInterpreter.aroundReceive(ActorGraphInterpreter.scala:690)
	at akka.actor.ActorCell.receiveMessage(ActorCell.scala:573)
	at akka.actor.ActorCell.invoke(ActorCell.scala:543)
	at akka.dispatch.Mailbox.processMailbox(Mailbox.scala:269)
	at akka.dispatch.Mailbox.run(Mailbox.scala:230)
	at akka.dispatch.Mailbox.exec(Mailbox.scala:242)
	at java.base/java.util.concurrent.ForkJoinTask.doExec(ForkJoinTask.java:290)
	at java.base/java.util.concurrent.ForkJoinPool$WorkQueue.topLevelExec(ForkJoinPool.java:1020)
	at java.base/java.util.concurrent.ForkJoinPool.scan(ForkJoinPool.java:1656)
	at java.base/java.util.concurrent.ForkJoinPool.runWorker(ForkJoinPool.java:1594)
	at java.base/java.util.concurrent.ForkJoinWorkerThread.run(ForkJoinWorkerThread.java:177)
2024-01-28 23:34:51,376 [ERROR] from play.api.db.evolutions.DefaultEvolutionsApi in play-dev-mode-akka.actor.default-dispatcher-79 - Can't DROP 'fk_computer_company_id'; check that column/key exists [ERROR:1091, SQLSTATE:42000]
2024-01-28 23:34:51,381 [ERROR] from play.api.http.DefaultHttpErrorHandler in play-dev-mode-akka.actor.default-dispatcher-79 - 

! @84c15a41b - Internal server error, for (GET) [/@evolutions/apply/default?redirect=http%3A%2F%2Flocalhost%3A9000%2F] ->
 
play.api.db.evolutions.InconsistentDatabase: Database 'default' is in an inconsistent state![An evolution has not been applied properly. Please check the problem and resolve it manually before marking it as resolved.]
	at play.api.db.evolutions.DatabaseEvolutions.$anonfun$checkEvolutionsState$3(EvolutionsApi.scala:305)
	at play.api.db.evolutions.DatabaseEvolutions.$anonfun$checkEvolutionsState$3$adapted(EvolutionsApi.scala:290)
	at play.api.db.evolutions.DatabaseEvolutions.executeQuery(EvolutionsApi.scala:337)
	at play.api.db.evolutions.DatabaseEvolutions.checkEvolutionsState(EvolutionsApi.scala:290)
	at play.api.db.evolutions.DatabaseEvolutions.evolve(EvolutionsApi.scala:259)
	at play.api.db.evolutions.DefaultEvolutionsApi.evolve(EvolutionsApi.scala:103)
	at play.api.db.evolutions.EvolutionsWebCommands.handleWebCommand(ApplicationEvolutions.scala:490)
	at play.core.DefaultWebCommands.$anonfun$handleWebCommand$1(WebCommands.scala:42)
	at scala.collection.immutable.Stream.flatMap(Stream.scala:489)
	at play.core.DefaultWebCommands.handleWebCommand(WebCommands.scala:42)
	at play.api.http.DefaultHttpRequestHandler.$anonfun$handlerForRequest$4(HttpRequestHandler.scala:200)
	at scala.Option.flatMap(Option.scala:188)
	at play.api.http.DefaultHttpRequestHandler.handlerForRequest(HttpRequestHandler.scala:199)
	at play.core.server.Server$.getHandlerFor(Server.scala:126)
	at play.core.server.AkkaHttpServer.handleRequest(AkkaHttpServer.scala:315)
	at play.core.server.AkkaHttpServer.$anonfun$createServerBinding$1(AkkaHttpServer.scala:190)
	at akka.stream.impl.fusing.MapAsync$$anon$30.onPush(Ops.scala:1289)
	at akka.stream.impl.fusing.GraphInterpreter.processPush(GraphInterpreter.scala:541)
	at akka.stream.impl.fusing.GraphInterpreter.execute(GraphInterpreter.scala:423)
	at akka.stream.impl.fusing.GraphInterpreterShell.runBatch(ActorGraphInterpreter.scala:624)
	at akka.stream.impl.fusing.GraphInterpreterShell$AsyncInput.execute(ActorGraphInterpreter.scala:501)
	at akka.stream.impl.fusing.GraphInterpreterShell.processEvent(ActorGraphInterpreter.scala:599)
	at akka.stream.impl.fusing.ActorGraphInterpreter.akka$stream$impl$fusing$ActorGraphInterpreter$$processEvent(ActorGraphInterpreter.scala:768)
	at akka.stream.impl.fusing.ActorGraphInterpreter$$anonfun$receive$1.applyOrElse(ActorGraphInterpreter.scala:783)
	at akka.actor.Actor.aroundReceive(Actor.scala:534)
	at akka.actor.Actor.aroundReceive$(Actor.scala:532)
	at akka.stream.impl.fusing.ActorGraphInterpreter.aroundReceive(ActorGraphInterpreter.scala:690)
	at akka.actor.ActorCell.receiveMessage(ActorCell.scala:573)
	at akka.actor.ActorCell.invoke(ActorCell.scala:543)
	at akka.dispatch.Mailbox.processMailbox(Mailbox.scala:269)
	at akka.dispatch.Mailbox.run(Mailbox.scala:230)
	at akka.dispatch.Mailbox.exec(Mailbox.scala:242)
	at java.base/java.util.concurrent.ForkJoinTask.doExec(ForkJoinTask.java:290)
	at java.base/java.util.concurrent.ForkJoinPool$WorkQueue.topLevelExec(ForkJoinPool.java:1020)
	at java.base/java.util.concurrent.ForkJoinPool.scan(ForkJoinPool.java:1656)
	at java.base/java.util.concurrent.ForkJoinPool.runWorker(ForkJoinPool.java:1594)
	at java.base/java.util.concurrent.ForkJoinWorkerThread.run(ForkJoinWorkerThread.java:177)
2024-01-28 23:35:12,241 [INFO] from play.api.db.HikariCPConnectionPool in application-akka.actor.internal-dispatcher-5 - Shutting down connection pool.
2024-01-28 23:35:18,028 [INFO] from play.api.db.DefaultDBApi in play-dev-mode-akka.actor.default-dispatcher-77 - Database [default] initialized at jdbc:mysql://localhost/play?autoReconnect=true&useSSL=false
2024-01-28 23:35:18,029 [INFO] from play.api.db.HikariCPConnectionPool in play-dev-mode-akka.actor.default-dispatcher-77 - Creating Pool for datasource 'default'
2024-01-28 23:35:18,030 [WARN] from com.zaxxer.hikari.util.DriverDataSource in play-dev-mode-akka.actor.default-dispatcher-77 - Registered driver with driverClassName=com.mysql.jdbc.Driver was not found, trying direct instantiation.
2024-01-28 23:35:18,512 [INFO] from play.api.http.EnabledFilters in play-dev-mode-akka.actor.default-dispatcher-77 - Enabled Filters (see <https://www.playframework.com/documentation/latest/Filters>):


2024-01-28 23:35:18,520 [INFO] from play.api.Play in play-dev-mode-akka.actor.default-dispatcher-77 - Application started (Dev) (no global state)
2024-01-28 23:35:18,649 [ERROR] from org.jdbcdslog.StatementLogger in play-dev-mode-akka.actor.default-dispatcher-77 - java.sql.Statement.execute: create table company (
id                            bigint auto_increment not null,
name                          varchar(255),
constraint pk_company primary key (id)
);
throws exception: java.sql.SQLSyntaxErrorException: Table 'company' already exists
java.sql.SQLSyntaxErrorException: Table 'company' already exists
	at com.mysql.cj.jdbc.exceptions.SQLError.createSQLException(SQLError.java:120)
	at com.mysql.cj.jdbc.exceptions.SQLExceptionsMapping.translateException(SQLExceptionsMapping.java:122)
	at com.mysql.cj.jdbc.StatementImpl.executeInternal(StatementImpl.java:763)
	at com.mysql.cj.jdbc.StatementImpl.execute(StatementImpl.java:648)
	at com.zaxxer.hikari.pool.ProxyStatement.execute(ProxyStatement.java:95)
	at com.zaxxer.hikari.pool.HikariProxyStatement.execute(HikariProxyStatement.java)
	at jdk.internal.reflect.GeneratedMethodAccessor8.invoke(Unknown Source)
	at java.base/jdk.internal.reflect.DelegatingMethodAccessorImpl.invoke(DelegatingMethodAccessorImpl.java:43)
	at java.base/java.lang.reflect.Method.invoke(Method.java:566)
	at org.jdbcdslog.StatementLoggingHandler.invoke(StatementLoggingHandler.java:27)
	at com.sun.proxy.$Proxy53.execute(Unknown Source)
	at play.api.db.evolutions.DatabaseEvolutions.execute(EvolutionsApi.scala:346)
	at play.api.db.evolutions.DatabaseEvolutions.$anonfun$evolve$4(EvolutionsApi.scala:221)
	at play.api.db.evolutions.DatabaseEvolutions.$anonfun$evolve$4$adapted(EvolutionsApi.scala:218)
	at scala.collection.IndexedSeqOptimized.foreach(IndexedSeqOptimized.scala:36)
	at scala.collection.IndexedSeqOptimized.foreach$(IndexedSeqOptimized.scala:33)
	at scala.collection.mutable.WrappedArray.foreach(WrappedArray.scala:39)
	at play.api.db.evolutions.DatabaseEvolutions.$anonfun$evolve$3(EvolutionsApi.scala:218)
	at play.api.db.evolutions.DatabaseEvolutions.$anonfun$evolve$3$adapted(EvolutionsApi.scala:213)
	at scala.collection.immutable.List.foreach(List.scala:392)
	at play.api.db.evolutions.DatabaseEvolutions.evolve(EvolutionsApi.scala:213)
	at play.api.db.evolutions.DefaultEvolutionsApi.evolve(EvolutionsApi.scala:103)
	at play.api.db.evolutions.EvolutionsWebCommands.handleWebCommand(ApplicationEvolutions.scala:490)
	at play.core.DefaultWebCommands.$anonfun$handleWebCommand$1(WebCommands.scala:42)
	at scala.collection.immutable.Stream.flatMap(Stream.scala:489)
	at play.core.DefaultWebCommands.handleWebCommand(WebCommands.scala:42)
	at play.api.http.DefaultHttpRequestHandler.$anonfun$handlerForRequest$4(HttpRequestHandler.scala:200)
	at scala.Option.flatMap(Option.scala:188)
	at play.api.http.DefaultHttpRequestHandler.handlerForRequest(HttpRequestHandler.scala:199)
	at play.core.server.Server$.getHandlerFor(Server.scala:126)
	at play.core.server.AkkaHttpServer.handleRequest(AkkaHttpServer.scala:315)
	at play.core.server.AkkaHttpServer.$anonfun$createServerBinding$1(AkkaHttpServer.scala:190)
	at akka.stream.impl.fusing.MapAsync$$anon$30.onPush(Ops.scala:1289)
	at akka.stream.impl.fusing.GraphInterpreter.processPush(GraphInterpreter.scala:541)
	at akka.stream.impl.fusing.GraphInterpreter.execute(GraphInterpreter.scala:423)
	at akka.stream.impl.fusing.GraphInterpreterShell.runBatch(ActorGraphInterpreter.scala:624)
	at akka.stream.impl.fusing.GraphInterpreterShell$AsyncInput.execute(ActorGraphInterpreter.scala:501)
	at akka.stream.impl.fusing.GraphInterpreterShell.processEvent(ActorGraphInterpreter.scala:599)
	at akka.stream.impl.fusing.ActorGraphInterpreter.akka$stream$impl$fusing$ActorGraphInterpreter$$processEvent(ActorGraphInterpreter.scala:768)
	at akka.stream.impl.fusing.ActorGraphInterpreter$$anonfun$receive$1.applyOrElse(ActorGraphInterpreter.scala:783)
	at akka.actor.Actor.aroundReceive(Actor.scala:534)
	at akka.actor.Actor.aroundReceive$(Actor.scala:532)
	at akka.stream.impl.fusing.ActorGraphInterpreter.aroundReceive(ActorGraphInterpreter.scala:690)
	at akka.actor.ActorCell.receiveMessage(ActorCell.scala:573)
	at akka.actor.ActorCell.invoke(ActorCell.scala:543)
	at akka.dispatch.Mailbox.processMailbox(Mailbox.scala:269)
	at akka.dispatch.Mailbox.run(Mailbox.scala:230)
	at akka.dispatch.Mailbox.exec(Mailbox.scala:242)
	at java.base/java.util.concurrent.ForkJoinTask.doExec(ForkJoinTask.java:290)
	at java.base/java.util.concurrent.ForkJoinPool$WorkQueue.topLevelExec(ForkJoinPool.java:1020)
	at java.base/java.util.concurrent.ForkJoinPool.scan(ForkJoinPool.java:1656)
	at java.base/java.util.concurrent.ForkJoinPool.runWorker(ForkJoinPool.java:1594)
	at java.base/java.util.concurrent.ForkJoinWorkerThread.run(ForkJoinWorkerThread.java:177)
2024-01-28 23:35:18,673 [ERROR] from play.api.db.evolutions.DefaultEvolutionsApi in play-dev-mode-akka.actor.default-dispatcher-77 - Table 'company' already exists [ERROR:1050, SQLSTATE:42S01]
2024-01-28 23:35:18,676 [ERROR] from play.api.http.DefaultHttpErrorHandler in play-dev-mode-akka.actor.default-dispatcher-77 - 

! @84c15bib5 - Internal server error, for (GET) [/@evolutions/apply/default?redirect=http%3A%2F%2Flocalhost%3A9000%2F] ->
 
play.api.db.evolutions.InconsistentDatabase: Database 'default' is in an inconsistent state![An evolution has not been applied properly. Please check the problem and resolve it manually before marking it as resolved.]
	at play.api.db.evolutions.DatabaseEvolutions.$anonfun$checkEvolutionsState$3(EvolutionsApi.scala:305)
	at play.api.db.evolutions.DatabaseEvolutions.$anonfun$checkEvolutionsState$3$adapted(EvolutionsApi.scala:290)
	at play.api.db.evolutions.DatabaseEvolutions.executeQuery(EvolutionsApi.scala:337)
	at play.api.db.evolutions.DatabaseEvolutions.checkEvolutionsState(EvolutionsApi.scala:290)
	at play.api.db.evolutions.DatabaseEvolutions.evolve(EvolutionsApi.scala:259)
	at play.api.db.evolutions.DefaultEvolutionsApi.evolve(EvolutionsApi.scala:103)
	at play.api.db.evolutions.EvolutionsWebCommands.handleWebCommand(ApplicationEvolutions.scala:490)
	at play.core.DefaultWebCommands.$anonfun$handleWebCommand$1(WebCommands.scala:42)
	at scala.collection.immutable.Stream.flatMap(Stream.scala:489)
	at play.core.DefaultWebCommands.handleWebCommand(WebCommands.scala:42)
	at play.api.http.DefaultHttpRequestHandler.$anonfun$handlerForRequest$4(HttpRequestHandler.scala:200)
	at scala.Option.flatMap(Option.scala:188)
	at play.api.http.DefaultHttpRequestHandler.handlerForRequest(HttpRequestHandler.scala:199)
	at play.core.server.Server$.getHandlerFor(Server.scala:126)
	at play.core.server.AkkaHttpServer.handleRequest(AkkaHttpServer.scala:315)
	at play.core.server.AkkaHttpServer.$anonfun$createServerBinding$1(AkkaHttpServer.scala:190)
	at akka.stream.impl.fusing.MapAsync$$anon$30.onPush(Ops.scala:1289)
	at akka.stream.impl.fusing.GraphInterpreter.processPush(GraphInterpreter.scala:541)
	at akka.stream.impl.fusing.GraphInterpreter.execute(GraphInterpreter.scala:423)
	at akka.stream.impl.fusing.GraphInterpreterShell.runBatch(ActorGraphInterpreter.scala:624)
	at akka.stream.impl.fusing.GraphInterpreterShell$AsyncInput.execute(ActorGraphInterpreter.scala:501)
	at akka.stream.impl.fusing.GraphInterpreterShell.processEvent(ActorGraphInterpreter.scala:599)
	at akka.stream.impl.fusing.ActorGraphInterpreter.akka$stream$impl$fusing$ActorGraphInterpreter$$processEvent(ActorGraphInterpreter.scala:768)
	at akka.stream.impl.fusing.ActorGraphInterpreter$$anonfun$receive$1.applyOrElse(ActorGraphInterpreter.scala:783)
	at akka.actor.Actor.aroundReceive(Actor.scala:534)
	at akka.actor.Actor.aroundReceive$(Actor.scala:532)
	at akka.stream.impl.fusing.ActorGraphInterpreter.aroundReceive(ActorGraphInterpreter.scala:690)
	at akka.actor.ActorCell.receiveMessage(ActorCell.scala:573)
	at akka.actor.ActorCell.invoke(ActorCell.scala:543)
	at akka.dispatch.Mailbox.processMailbox(Mailbox.scala:269)
	at akka.dispatch.Mailbox.run(Mailbox.scala:230)
	at akka.dispatch.Mailbox.exec(Mailbox.scala:242)
	at java.base/java.util.concurrent.ForkJoinTask.doExec(ForkJoinTask.java:290)
	at java.base/java.util.concurrent.ForkJoinPool$WorkQueue.topLevelExec(ForkJoinPool.java:1020)
	at java.base/java.util.concurrent.ForkJoinPool.scan(ForkJoinPool.java:1656)
	at java.base/java.util.concurrent.ForkJoinPool.runWorker(ForkJoinPool.java:1594)
	at java.base/java.util.concurrent.ForkJoinWorkerThread.run(ForkJoinWorkerThread.java:177)
2024-01-28 23:35:35,464 [INFO] from play.api.db.HikariCPConnectionPool in application-akka.actor.internal-dispatcher-4 - Shutting down connection pool.
2024-01-28 23:35:36,826 [INFO] from play.api.db.DefaultDBApi in play-dev-mode-akka.actor.default-dispatcher-78 - Database [default] initialized at jdbc:mysql://localhost/play?autoReconnect=true&useSSL=false
2024-01-28 23:35:36,826 [INFO] from play.api.db.HikariCPConnectionPool in play-dev-mode-akka.actor.default-dispatcher-78 - Creating Pool for datasource 'default'
2024-01-28 23:35:36,827 [WARN] from com.zaxxer.hikari.util.DriverDataSource in play-dev-mode-akka.actor.default-dispatcher-78 - Registered driver with driverClassName=com.mysql.jdbc.Driver was not found, trying direct instantiation.
2024-01-28 23:35:37,852 [INFO] from play.api.http.EnabledFilters in play-dev-mode-akka.actor.default-dispatcher-78 - Enabled Filters (see <https://www.playframework.com/documentation/latest/Filters>):


2024-01-28 23:35:37,855 [INFO] from play.api.Play in play-dev-mode-akka.actor.default-dispatcher-78 - Application started (Dev) (no global state)
2024-01-28 23:35:48,047 [INFO] from play.api.db.HikariCPConnectionPool in application-akka.actor.internal-dispatcher-2 - Shutting down connection pool.
2024-01-28 23:35:48,828 [INFO] from play.api.db.DefaultDBApi in play-dev-mode-akka.actor.default-dispatcher-79 - Database [default] initialized at jdbc:mysql://localhost/play?autoReconnect=true&useSSL=false
2024-01-28 23:35:48,829 [INFO] from play.api.db.HikariCPConnectionPool in play-dev-mode-akka.actor.default-dispatcher-79 - Creating Pool for datasource 'default'
2024-01-28 23:35:48,830 [WARN] from com.zaxxer.hikari.util.DriverDataSource in play-dev-mode-akka.actor.default-dispatcher-79 - Registered driver with driverClassName=com.mysql.jdbc.Driver was not found, trying direct instantiation.
2024-01-28 23:35:49,360 [INFO] from play.api.http.EnabledFilters in play-dev-mode-akka.actor.default-dispatcher-79 - Enabled Filters (see <https://www.playframework.com/documentation/latest/Filters>):


2024-01-28 23:35:49,364 [INFO] from play.api.Play in play-dev-mode-akka.actor.default-dispatcher-79 - Application started (Dev) (no global state)
2024-01-28 23:36:02,327 [INFO] from play.api.db.HikariCPConnectionPool in application-akka.actor.internal-dispatcher-3 - Shutting down connection pool.
2024-01-28 23:36:02,954 [INFO] from play.api.db.DefaultDBApi in play-dev-mode-akka.actor.default-dispatcher-83 - Database [default] initialized at jdbc:mysql://localhost/play?autoReconnect=true&useSSL=false
2024-01-28 23:36:02,955 [INFO] from play.api.db.HikariCPConnectionPool in play-dev-mode-akka.actor.default-dispatcher-83 - Creating Pool for datasource 'default'
2024-01-28 23:36:02,955 [WARN] from com.zaxxer.hikari.util.DriverDataSource in play-dev-mode-akka.actor.default-dispatcher-83 - Registered driver with driverClassName=com.mysql.jdbc.Driver was not found, trying direct instantiation.
2024-01-28 23:36:03,553 [INFO] from play.api.http.EnabledFilters in play-dev-mode-akka.actor.default-dispatcher-83 - Enabled Filters (see <https://www.playframework.com/documentation/latest/Filters>):


2024-01-28 23:36:03,556 [INFO] from play.api.Play in play-dev-mode-akka.actor.default-dispatcher-83 - Application started (Dev) (no global state)
2024-01-28 23:36:57,443 [WARN] from akka.actor.ActorSystemImpl in play-dev-mode-akka.actor.default-dispatcher-78 - Explicitly set HTTP header 'Content-Type: application/pdf' is ignored, explicit `Content-Type` header is not allowed. Set `HttpResponse.entity.contentType` instead.
2024-01-28 23:37:21,051 [WARN] from akka.actor.ActorSystemImpl in play-dev-mode-akka.actor.default-dispatcher-83 - Explicitly set HTTP header 'Content-Type: application/pdf' is ignored, explicit `Content-Type` header is not allowed. Set `HttpResponse.entity.contentType` instead.
2024-01-28 23:55:30,070 [INFO] from play.api.db.HikariCPConnectionPool in application-akka.actor.internal-dispatcher-6 - Shutting down connection pool.
2024-01-28 23:55:32,750 [INFO] from play.api.db.DefaultDBApi in play-dev-mode-akka.actor.default-dispatcher-82 - Database [default] initialized at jdbc:mysql://localhost/play?autoReconnect=true&useSSL=false
2024-01-28 23:55:32,750 [INFO] from play.api.db.HikariCPConnectionPool in play-dev-mode-akka.actor.default-dispatcher-82 - Creating Pool for datasource 'default'
2024-01-28 23:55:32,808 [WARN] from com.zaxxer.hikari.util.DriverDataSource in play-dev-mode-akka.actor.default-dispatcher-82 - Registered driver with driverClassName=com.mysql.jdbc.Driver was not found, trying direct instantiation.
2024-01-28 23:55:34,810 [INFO] from play.api.http.EnabledFilters in play-dev-mode-akka.actor.default-dispatcher-82 - Enabled Filters (see <https://www.playframework.com/documentation/latest/Filters>):


2024-01-28 23:55:34,822 [INFO] from play.api.Play in play-dev-mode-akka.actor.default-dispatcher-82 - Application started (Dev) (no global state)
2024-01-28 23:58:13,682 [WARN] from akka.actor.ActorSystemImpl in play-dev-mode-akka.actor.default-dispatcher-98 - Explicitly set HTTP header 'Content-Type: application/pdf' is ignored, explicit `Content-Type` header is not allowed. Set `HttpResponse.entity.contentType` instead.
2024-01-29 00:08:08,168 [WARN] from akka.actor.ActorSystemImpl in play-dev-mode-akka.actor.default-dispatcher-103 - Explicitly set HTTP header 'Content-Type: application/pdf' is ignored, explicit `Content-Type` header is not allowed. Set `HttpResponse.entity.contentType` instead.
2024-01-29 00:10:39,831 [WARN] from akka.actor.ActorSystemImpl in play-dev-mode-akka.actor.default-dispatcher-108 - Explicitly set HTTP header 'Content-Type: application/pdf' is ignored, explicit `Content-Type` header is not allowed. Set `HttpResponse.entity.contentType` instead.
2024-01-29 00:15:12,248 [INFO] from play.api.db.HikariCPConnectionPool in application-akka.actor.internal-dispatcher-5 - Shutting down connection pool.
2024-01-29 00:15:14,039 [INFO] from play.api.db.DefaultDBApi in play-dev-mode-akka.actor.default-dispatcher-104 - Database [default] initialized at jdbc:mysql://localhost/play?autoReconnect=true&useSSL=false
2024-01-29 00:15:14,040 [INFO] from play.api.db.HikariCPConnectionPool in play-dev-mode-akka.actor.default-dispatcher-104 - Creating Pool for datasource 'default'
2024-01-29 00:15:14,050 [WARN] from com.zaxxer.hikari.util.DriverDataSource in play-dev-mode-akka.actor.default-dispatcher-104 - Registered driver with driverClassName=com.mysql.jdbc.Driver was not found, trying direct instantiation.
2024-01-29 00:15:15,386 [INFO] from play.api.http.EnabledFilters in play-dev-mode-akka.actor.default-dispatcher-104 - Enabled Filters (see <https://www.playframework.com/documentation/latest/Filters>):


2024-01-29 00:15:15,401 [INFO] from play.api.Play in play-dev-mode-akka.actor.default-dispatcher-104 - Application started (Dev) (no global state)
2024-01-29 00:15:15,489 [ERROR] from play.api.http.DefaultHttpErrorHandler in play-dev-mode-akka.actor.default-dispatcher-104 - 

! @84c1ai207 - Internal server error, for (GET) [/pdf/download/1] ->
 
play.api.db.evolutions.InvalidDatabaseRevision: Database 'default' needs evolution![An SQL script need to be run on your database.]
	at play.api.db.evolutions.EvolutionsWebCommands.$anonfun$handleWebCommand$5(ApplicationEvolutions.scala:523)
	at play.api.db.evolutions.EvolutionsWebCommands.$anonfun$handleWebCommand$5$adapted(ApplicationEvolutions.scala:516)
	at play.api.db.evolutions.ApplicationEvolutions$.$anonfun$runEvolutions$1(ApplicationEvolutions.scala:208)
	at play.api.db.evolutions.ApplicationEvolutions$.withLock(ApplicationEvolutions.scala:229)
	at play.api.db.evolutions.ApplicationEvolutions$.runEvolutions(ApplicationEvolutions.scala:199)
	at play.api.db.evolutions.EvolutionsWebCommands.$anonfun$handleWebCommand$4(ApplicationEvolutions.scala:516)
	at play.api.db.evolutions.EvolutionsWebCommands.$anonfun$handleWebCommand$4$adapted(ApplicationEvolutions.scala:511)
	at scala.collection.immutable.List.foreach(List.scala:392)
	at play.api.db.evolutions.EvolutionsWebCommands.handleWebCommand(ApplicationEvolutions.scala:511)
	at play.core.DefaultWebCommands.$anonfun$handleWebCommand$1(WebCommands.scala:42)
	at scala.collection.immutable.Stream.flatMap(Stream.scala:489)
	at play.core.DefaultWebCommands.handleWebCommand(WebCommands.scala:42)
	at play.api.http.DefaultHttpRequestHandler.$anonfun$handlerForRequest$4(HttpRequestHandler.scala:200)
	at scala.Option.flatMap(Option.scala:188)
	at play.api.http.DefaultHttpRequestHandler.handlerForRequest(HttpRequestHandler.scala:199)
	at play.core.server.Server$.getHandlerFor(Server.scala:126)
	at play.core.server.AkkaHttpServer.handleRequest(AkkaHttpServer.scala:315)
	at play.core.server.AkkaHttpServer.$anonfun$createServerBinding$1(AkkaHttpServer.scala:190)
	at akka.stream.impl.fusing.MapAsync$$anon$30.onPush(Ops.scala:1289)
	at akka.stream.impl.fusing.GraphInterpreter.processPush(GraphInterpreter.scala:541)
	at akka.stream.impl.fusing.GraphInterpreter.execute(GraphInterpreter.scala:423)
	at akka.stream.impl.fusing.GraphInterpreterShell.runBatch(ActorGraphInterpreter.scala:624)
	at akka.stream.impl.fusing.GraphInterpreterShell$AsyncInput.execute(ActorGraphInterpreter.scala:501)
	at akka.stream.impl.fusing.GraphInterpreterShell.processEvent(ActorGraphInterpreter.scala:599)
	at akka.stream.impl.fusing.ActorGraphInterpreter.akka$stream$impl$fusing$ActorGraphInterpreter$$processEvent(ActorGraphInterpreter.scala:768)
	at akka.stream.impl.fusing.ActorGraphInterpreter$$anonfun$receive$1.applyOrElse(ActorGraphInterpreter.scala:783)
	at akka.actor.Actor.aroundReceive(Actor.scala:534)
	at akka.actor.Actor.aroundReceive$(Actor.scala:532)
	at akka.stream.impl.fusing.ActorGraphInterpreter.aroundReceive(ActorGraphInterpreter.scala:690)
	at akka.actor.ActorCell.receiveMessage(ActorCell.scala:573)
	at akka.actor.ActorCell.invoke(ActorCell.scala:543)
	at akka.dispatch.Mailbox.processMailbox(Mailbox.scala:269)
	at akka.dispatch.Mailbox.run(Mailbox.scala:230)
	at akka.dispatch.Mailbox.exec(Mailbox.scala:242)
	at java.base/java.util.concurrent.ForkJoinTask.doExec(ForkJoinTask.java:290)
	at java.base/java.util.concurrent.ForkJoinPool$WorkQueue.topLevelExec(ForkJoinPool.java:1020)
	at java.base/java.util.concurrent.ForkJoinPool.scan(ForkJoinPool.java:1656)
	at java.base/java.util.concurrent.ForkJoinPool.runWorker(ForkJoinPool.java:1594)
	at java.base/java.util.concurrent.ForkJoinWorkerThread.run(ForkJoinWorkerThread.java:177)
2024-01-29 00:15:32,938 [ERROR] from play.api.http.DefaultHttpErrorHandler in play-dev-mode-akka.actor.default-dispatcher-115 - 

! @84c1aj1lc - Internal server error, for (GET) [/] ->
 
play.api.db.evolutions.InvalidDatabaseRevision: Database 'default' needs evolution![An SQL script need to be run on your database.]
	at play.api.db.evolutions.EvolutionsWebCommands.$anonfun$handleWebCommand$5(ApplicationEvolutions.scala:523)
	at play.api.db.evolutions.EvolutionsWebCommands.$anonfun$handleWebCommand$5$adapted(ApplicationEvolutions.scala:516)
	at play.api.db.evolutions.ApplicationEvolutions$.$anonfun$runEvolutions$1(ApplicationEvolutions.scala:208)
	at play.api.db.evolutions.ApplicationEvolutions$.withLock(ApplicationEvolutions.scala:229)
	at play.api.db.evolutions.ApplicationEvolutions$.runEvolutions(ApplicationEvolutions.scala:199)
	at play.api.db.evolutions.EvolutionsWebCommands.$anonfun$handleWebCommand$4(ApplicationEvolutions.scala:516)
	at play.api.db.evolutions.EvolutionsWebCommands.$anonfun$handleWebCommand$4$adapted(ApplicationEvolutions.scala:511)
	at scala.collection.immutable.List.foreach(List.scala:392)
	at play.api.db.evolutions.EvolutionsWebCommands.handleWebCommand(ApplicationEvolutions.scala:511)
	at play.core.DefaultWebCommands.$anonfun$handleWebCommand$1(WebCommands.scala:42)
	at scala.collection.immutable.Stream.flatMap(Stream.scala:489)
	at play.core.DefaultWebCommands.handleWebCommand(WebCommands.scala:42)
	at play.api.http.DefaultHttpRequestHandler.$anonfun$handlerForRequest$4(HttpRequestHandler.scala:200)
	at scala.Option.flatMap(Option.scala:188)
	at play.api.http.DefaultHttpRequestHandler.handlerForRequest(HttpRequestHandler.scala:199)
	at play.core.server.Server$.getHandlerFor(Server.scala:126)
	at play.core.server.AkkaHttpServer.handleRequest(AkkaHttpServer.scala:315)
	at play.core.server.AkkaHttpServer.$anonfun$createServerBinding$1(AkkaHttpServer.scala:190)
	at akka.stream.impl.fusing.MapAsync$$anon$30.onPush(Ops.scala:1289)
	at akka.stream.impl.fusing.GraphInterpreter.processPush(GraphInterpreter.scala:541)
	at akka.stream.impl.fusing.GraphInterpreter.execute(GraphInterpreter.scala:423)
	at akka.stream.impl.fusing.GraphInterpreterShell.runBatch(ActorGraphInterpreter.scala:624)
	at akka.stream.impl.fusing.GraphInterpreterShell$AsyncInput.execute(ActorGraphInterpreter.scala:501)
	at akka.stream.impl.fusing.GraphInterpreterShell.processEvent(ActorGraphInterpreter.scala:599)
	at akka.stream.impl.fusing.ActorGraphInterpreter.akka$stream$impl$fusing$ActorGraphInterpreter$$processEvent(ActorGraphInterpreter.scala:768)
	at akka.stream.impl.fusing.ActorGraphInterpreter$$anonfun$receive$1.applyOrElse(ActorGraphInterpreter.scala:783)
	at akka.actor.Actor.aroundReceive(Actor.scala:534)
	at akka.actor.Actor.aroundReceive$(Actor.scala:532)
	at akka.stream.impl.fusing.ActorGraphInterpreter.aroundReceive(ActorGraphInterpreter.scala:690)
	at akka.actor.ActorCell.receiveMessage(ActorCell.scala:573)
	at akka.actor.ActorCell.invoke(ActorCell.scala:543)
	at akka.dispatch.Mailbox.processMailbox(Mailbox.scala:269)
	at akka.dispatch.Mailbox.run(Mailbox.scala:230)
	at akka.dispatch.Mailbox.exec(Mailbox.scala:242)
	at java.base/java.util.concurrent.ForkJoinTask.doExec(ForkJoinTask.java:290)
	at java.base/java.util.concurrent.ForkJoinPool$WorkQueue.topLevelExec(ForkJoinPool.java:1020)
	at java.base/java.util.concurrent.ForkJoinPool.scan(ForkJoinPool.java:1656)
	at java.base/java.util.concurrent.ForkJoinPool.runWorker(ForkJoinPool.java:1594)
	at java.base/java.util.concurrent.ForkJoinWorkerThread.run(ForkJoinWorkerThread.java:177)
2024-01-29 00:15:38,785 [ERROR] from org.jdbcdslog.StatementLogger in play-dev-mode-akka.actor.default-dispatcher-114 - java.sql.Statement.execute: alter table computer drop foreign key fk_computer_company_id;
throws exception: java.sql.SQLSyntaxErrorException: Can't DROP 'fk_computer_company_id'; check that column/key exists
java.sql.SQLSyntaxErrorException: Can't DROP 'fk_computer_company_id'; check that column/key exists
	at com.mysql.cj.jdbc.exceptions.SQLError.createSQLException(SQLError.java:120)
	at com.mysql.cj.jdbc.exceptions.SQLExceptionsMapping.translateException(SQLExceptionsMapping.java:122)
	at com.mysql.cj.jdbc.StatementImpl.executeInternal(StatementImpl.java:763)
	at com.mysql.cj.jdbc.StatementImpl.execute(StatementImpl.java:648)
	at com.zaxxer.hikari.pool.ProxyStatement.execute(ProxyStatement.java:95)
	at com.zaxxer.hikari.pool.HikariProxyStatement.execute(HikariProxyStatement.java)
	at jdk.internal.reflect.GeneratedMethodAccessor8.invoke(Unknown Source)
	at java.base/jdk.internal.reflect.DelegatingMethodAccessorImpl.invoke(DelegatingMethodAccessorImpl.java:43)
	at java.base/java.lang.reflect.Method.invoke(Method.java:566)
	at org.jdbcdslog.StatementLoggingHandler.invoke(StatementLoggingHandler.java:27)
	at com.sun.proxy.$Proxy53.execute(Unknown Source)
	at play.api.db.evolutions.DatabaseEvolutions.execute(EvolutionsApi.scala:346)
	at play.api.db.evolutions.DatabaseEvolutions.$anonfun$evolve$4(EvolutionsApi.scala:221)
	at play.api.db.evolutions.DatabaseEvolutions.$anonfun$evolve$4$adapted(EvolutionsApi.scala:218)
	at scala.collection.IndexedSeqOptimized.foreach(IndexedSeqOptimized.scala:36)
	at scala.collection.IndexedSeqOptimized.foreach$(IndexedSeqOptimized.scala:33)
	at scala.collection.mutable.WrappedArray.foreach(WrappedArray.scala:39)
	at play.api.db.evolutions.DatabaseEvolutions.$anonfun$evolve$3(EvolutionsApi.scala:218)
	at play.api.db.evolutions.DatabaseEvolutions.$anonfun$evolve$3$adapted(EvolutionsApi.scala:213)
	at scala.collection.immutable.List.foreach(List.scala:392)
	at play.api.db.evolutions.DatabaseEvolutions.evolve(EvolutionsApi.scala:213)
	at play.api.db.evolutions.DefaultEvolutionsApi.evolve(EvolutionsApi.scala:103)
	at play.api.db.evolutions.EvolutionsWebCommands.handleWebCommand(ApplicationEvolutions.scala:490)
	at play.core.DefaultWebCommands.$anonfun$handleWebCommand$1(WebCommands.scala:42)
	at scala.collection.immutable.Stream.flatMap(Stream.scala:489)
	at play.core.DefaultWebCommands.handleWebCommand(WebCommands.scala:42)
	at play.api.http.DefaultHttpRequestHandler.$anonfun$handlerForRequest$4(HttpRequestHandler.scala:200)
	at scala.Option.flatMap(Option.scala:188)
	at play.api.http.DefaultHttpRequestHandler.handlerForRequest(HttpRequestHandler.scala:199)
	at play.core.server.Server$.getHandlerFor(Server.scala:126)
	at play.core.server.AkkaHttpServer.handleRequest(AkkaHttpServer.scala:315)
	at play.core.server.AkkaHttpServer.$anonfun$createServerBinding$1(AkkaHttpServer.scala:190)
	at akka.stream.impl.fusing.MapAsync$$anon$30.onPush(Ops.scala:1289)
	at akka.stream.impl.fusing.GraphInterpreter.processPush(GraphInterpreter.scala:541)
	at akka.stream.impl.fusing.GraphInterpreter.execute(GraphInterpreter.scala:423)
	at akka.stream.impl.fusing.GraphInterpreterShell.runBatch(ActorGraphInterpreter.scala:624)
	at akka.stream.impl.fusing.GraphInterpreterShell$AsyncInput.execute(ActorGraphInterpreter.scala:501)
	at akka.stream.impl.fusing.GraphInterpreterShell.processEvent(ActorGraphInterpreter.scala:599)
	at akka.stream.impl.fusing.ActorGraphInterpreter.akka$stream$impl$fusing$ActorGraphInterpreter$$processEvent(ActorGraphInterpreter.scala:768)
	at akka.stream.impl.fusing.ActorGraphInterpreter$$anonfun$receive$1.applyOrElse(ActorGraphInterpreter.scala:783)
	at akka.actor.Actor.aroundReceive(Actor.scala:534)
	at akka.actor.Actor.aroundReceive$(Actor.scala:532)
	at akka.stream.impl.fusing.ActorGraphInterpreter.aroundReceive(ActorGraphInterpreter.scala:690)
	at akka.actor.ActorCell.receiveMessage(ActorCell.scala:573)
	at akka.actor.ActorCell.invoke(ActorCell.scala:543)
	at akka.dispatch.Mailbox.processMailbox(Mailbox.scala:269)
	at akka.dispatch.Mailbox.run(Mailbox.scala:230)
	at akka.dispatch.Mailbox.exec(Mailbox.scala:242)
	at java.base/java.util.concurrent.ForkJoinTask.doExec(ForkJoinTask.java:290)
	at java.base/java.util.concurrent.ForkJoinPool$WorkQueue.topLevelExec(ForkJoinPool.java:1020)
	at java.base/java.util.concurrent.ForkJoinPool.scan(ForkJoinPool.java:1656)
	at java.base/java.util.concurrent.ForkJoinPool.runWorker(ForkJoinPool.java:1594)
	at java.base/java.util.concurrent.ForkJoinWorkerThread.run(ForkJoinWorkerThread.java:177)
2024-01-29 00:15:38,820 [ERROR] from play.api.db.evolutions.DefaultEvolutionsApi in play-dev-mode-akka.actor.default-dispatcher-114 - Can't DROP 'fk_computer_company_id'; check that column/key exists [ERROR:1091, SQLSTATE:42000]
2024-01-29 00:15:38,821 [ERROR] from play.api.http.DefaultHttpErrorHandler in play-dev-mode-akka.actor.default-dispatcher-114 - 

! @84c1ajadj - Internal server error, for (GET) [/@evolutions/apply/default?redirect=http%3A%2F%2Flocalhost%3A9000%2F] ->
 
play.api.db.evolutions.InconsistentDatabase: Database 'default' is in an inconsistent state![An evolution has not been applied properly. Please check the problem and resolve it manually before marking it as resolved.]
	at play.api.db.evolutions.DatabaseEvolutions.$anonfun$checkEvolutionsState$3(EvolutionsApi.scala:305)
	at play.api.db.evolutions.DatabaseEvolutions.$anonfun$checkEvolutionsState$3$adapted(EvolutionsApi.scala:290)
	at play.api.db.evolutions.DatabaseEvolutions.executeQuery(EvolutionsApi.scala:337)
	at play.api.db.evolutions.DatabaseEvolutions.checkEvolutionsState(EvolutionsApi.scala:290)
	at play.api.db.evolutions.DatabaseEvolutions.evolve(EvolutionsApi.scala:259)
	at play.api.db.evolutions.DefaultEvolutionsApi.evolve(EvolutionsApi.scala:103)
	at play.api.db.evolutions.EvolutionsWebCommands.handleWebCommand(ApplicationEvolutions.scala:490)
	at play.core.DefaultWebCommands.$anonfun$handleWebCommand$1(WebCommands.scala:42)
	at scala.collection.immutable.Stream.flatMap(Stream.scala:489)
	at play.core.DefaultWebCommands.handleWebCommand(WebCommands.scala:42)
	at play.api.http.DefaultHttpRequestHandler.$anonfun$handlerForRequest$4(HttpRequestHandler.scala:200)
	at scala.Option.flatMap(Option.scala:188)
	at play.api.http.DefaultHttpRequestHandler.handlerForRequest(HttpRequestHandler.scala:199)
	at play.core.server.Server$.getHandlerFor(Server.scala:126)
	at play.core.server.AkkaHttpServer.handleRequest(AkkaHttpServer.scala:315)
	at play.core.server.AkkaHttpServer.$anonfun$createServerBinding$1(AkkaHttpServer.scala:190)
	at akka.stream.impl.fusing.MapAsync$$anon$30.onPush(Ops.scala:1289)
	at akka.stream.impl.fusing.GraphInterpreter.processPush(GraphInterpreter.scala:541)
	at akka.stream.impl.fusing.GraphInterpreter.execute(GraphInterpreter.scala:423)
	at akka.stream.impl.fusing.GraphInterpreterShell.runBatch(ActorGraphInterpreter.scala:624)
	at akka.stream.impl.fusing.GraphInterpreterShell$AsyncInput.execute(ActorGraphInterpreter.scala:501)
	at akka.stream.impl.fusing.GraphInterpreterShell.processEvent(ActorGraphInterpreter.scala:599)
	at akka.stream.impl.fusing.ActorGraphInterpreter.akka$stream$impl$fusing$ActorGraphInterpreter$$processEvent(ActorGraphInterpreter.scala:768)
	at akka.stream.impl.fusing.ActorGraphInterpreter$$anonfun$receive$1.applyOrElse(ActorGraphInterpreter.scala:783)
	at akka.actor.Actor.aroundReceive(Actor.scala:534)
	at akka.actor.Actor.aroundReceive$(Actor.scala:532)
	at akka.stream.impl.fusing.ActorGraphInterpreter.aroundReceive(ActorGraphInterpreter.scala:690)
	at akka.actor.ActorCell.receiveMessage(ActorCell.scala:573)
	at akka.actor.ActorCell.invoke(ActorCell.scala:543)
	at akka.dispatch.Mailbox.processMailbox(Mailbox.scala:269)
	at akka.dispatch.Mailbox.run(Mailbox.scala:230)
	at akka.dispatch.Mailbox.exec(Mailbox.scala:242)
	at java.base/java.util.concurrent.ForkJoinTask.doExec(ForkJoinTask.java:290)
	at java.base/java.util.concurrent.ForkJoinPool$WorkQueue.topLevelExec(ForkJoinPool.java:1020)
	at java.base/java.util.concurrent.ForkJoinPool.scan(ForkJoinPool.java:1656)
	at java.base/java.util.concurrent.ForkJoinPool.runWorker(ForkJoinPool.java:1594)
	at java.base/java.util.concurrent.ForkJoinWorkerThread.run(ForkJoinWorkerThread.java:177)
2024-01-29 00:16:39,440 [INFO] from play.api.db.HikariCPConnectionPool in application-akka.actor.internal-dispatcher-5 - Shutting down connection pool.
2024-01-29 00:16:42,377 [INFO] from play.api.db.DefaultDBApi in play-dev-mode-akka.actor.default-dispatcher-113 - Database [default] initialized at jdbc:mysql://localhost/play?autoReconnect=true&useSSL=false
2024-01-29 00:16:42,378 [INFO] from play.api.db.HikariCPConnectionPool in play-dev-mode-akka.actor.default-dispatcher-113 - Creating Pool for datasource 'default'
2024-01-29 00:16:42,382 [WARN] from com.zaxxer.hikari.util.DriverDataSource in play-dev-mode-akka.actor.default-dispatcher-113 - Registered driver with driverClassName=com.mysql.jdbc.Driver was not found, trying direct instantiation.
2024-01-29 00:16:43,379 [INFO] from play.api.http.EnabledFilters in play-dev-mode-akka.actor.default-dispatcher-113 - Enabled Filters (see <https://www.playframework.com/documentation/latest/Filters>):


2024-01-29 00:16:43,385 [INFO] from play.api.Play in play-dev-mode-akka.actor.default-dispatcher-113 - Application started (Dev) (no global state)
2024-01-29 00:16:43,511 [ERROR] from org.jdbcdslog.StatementLogger in play-dev-mode-akka.actor.default-dispatcher-113 - java.sql.Statement.execute: create table company (
id                            bigint auto_increment not null,
name                          varchar(255),
constraint pk_company primary key (id)
);
throws exception: java.sql.SQLSyntaxErrorException: Table 'company' already exists
java.sql.SQLSyntaxErrorException: Table 'company' already exists
	at com.mysql.cj.jdbc.exceptions.SQLError.createSQLException(SQLError.java:120)
	at com.mysql.cj.jdbc.exceptions.SQLExceptionsMapping.translateException(SQLExceptionsMapping.java:122)
	at com.mysql.cj.jdbc.StatementImpl.executeInternal(StatementImpl.java:763)
	at com.mysql.cj.jdbc.StatementImpl.execute(StatementImpl.java:648)
	at com.zaxxer.hikari.pool.ProxyStatement.execute(ProxyStatement.java:95)
	at com.zaxxer.hikari.pool.HikariProxyStatement.execute(HikariProxyStatement.java)
	at jdk.internal.reflect.GeneratedMethodAccessor8.invoke(Unknown Source)
	at java.base/jdk.internal.reflect.DelegatingMethodAccessorImpl.invoke(DelegatingMethodAccessorImpl.java:43)
	at java.base/java.lang.reflect.Method.invoke(Method.java:566)
	at org.jdbcdslog.StatementLoggingHandler.invoke(StatementLoggingHandler.java:27)
	at com.sun.proxy.$Proxy53.execute(Unknown Source)
	at play.api.db.evolutions.DatabaseEvolutions.execute(EvolutionsApi.scala:346)
	at play.api.db.evolutions.DatabaseEvolutions.$anonfun$evolve$4(EvolutionsApi.scala:221)
	at play.api.db.evolutions.DatabaseEvolutions.$anonfun$evolve$4$adapted(EvolutionsApi.scala:218)
	at scala.collection.IndexedSeqOptimized.foreach(IndexedSeqOptimized.scala:36)
	at scala.collection.IndexedSeqOptimized.foreach$(IndexedSeqOptimized.scala:33)
	at scala.collection.mutable.WrappedArray.foreach(WrappedArray.scala:39)
	at play.api.db.evolutions.DatabaseEvolutions.$anonfun$evolve$3(EvolutionsApi.scala:218)
	at play.api.db.evolutions.DatabaseEvolutions.$anonfun$evolve$3$adapted(EvolutionsApi.scala:213)
	at scala.collection.immutable.List.foreach(List.scala:392)
	at play.api.db.evolutions.DatabaseEvolutions.evolve(EvolutionsApi.scala:213)
	at play.api.db.evolutions.DefaultEvolutionsApi.evolve(EvolutionsApi.scala:103)
	at play.api.db.evolutions.EvolutionsWebCommands.handleWebCommand(ApplicationEvolutions.scala:490)
	at play.core.DefaultWebCommands.$anonfun$handleWebCommand$1(WebCommands.scala:42)
	at scala.collection.immutable.Stream.flatMap(Stream.scala:489)
	at play.core.DefaultWebCommands.handleWebCommand(WebCommands.scala:42)
	at play.api.http.DefaultHttpRequestHandler.$anonfun$handlerForRequest$4(HttpRequestHandler.scala:200)
	at scala.Option.flatMap(Option.scala:188)
	at play.api.http.DefaultHttpRequestHandler.handlerForRequest(HttpRequestHandler.scala:199)
	at play.core.server.Server$.getHandlerFor(Server.scala:126)
	at play.core.server.AkkaHttpServer.handleRequest(AkkaHttpServer.scala:315)
	at play.core.server.AkkaHttpServer.$anonfun$createServerBinding$1(AkkaHttpServer.scala:190)
	at akka.stream.impl.fusing.MapAsync$$anon$30.onPush(Ops.scala:1289)
	at akka.stream.impl.fusing.GraphInterpreter.processPush(GraphInterpreter.scala:541)
	at akka.stream.impl.fusing.GraphInterpreter.execute(GraphInterpreter.scala:423)
	at akka.stream.impl.fusing.GraphInterpreterShell.runBatch(ActorGraphInterpreter.scala:624)
	at akka.stream.impl.fusing.GraphInterpreterShell$AsyncInput.execute(ActorGraphInterpreter.scala:501)
	at akka.stream.impl.fusing.GraphInterpreterShell.processEvent(ActorGraphInterpreter.scala:599)
	at akka.stream.impl.fusing.ActorGraphInterpreter.akka$stream$impl$fusing$ActorGraphInterpreter$$processEvent(ActorGraphInterpreter.scala:768)
	at akka.stream.impl.fusing.ActorGraphInterpreter$$anonfun$receive$1.applyOrElse(ActorGraphInterpreter.scala:783)
	at akka.actor.Actor.aroundReceive(Actor.scala:534)
	at akka.actor.Actor.aroundReceive$(Actor.scala:532)
	at akka.stream.impl.fusing.ActorGraphInterpreter.aroundReceive(ActorGraphInterpreter.scala:690)
	at akka.actor.ActorCell.receiveMessage(ActorCell.scala:573)
	at akka.actor.ActorCell.invoke(ActorCell.scala:543)
	at akka.dispatch.Mailbox.processMailbox(Mailbox.scala:269)
	at akka.dispatch.Mailbox.run(Mailbox.scala:230)
	at akka.dispatch.Mailbox.exec(Mailbox.scala:242)
	at java.base/java.util.concurrent.ForkJoinTask.doExec(ForkJoinTask.java:290)
	at java.base/java.util.concurrent.ForkJoinPool$WorkQueue.topLevelExec(ForkJoinPool.java:1020)
	at java.base/java.util.concurrent.ForkJoinPool.scan(ForkJoinPool.java:1656)
	at java.base/java.util.concurrent.ForkJoinPool.runWorker(ForkJoinPool.java:1594)
	at java.base/java.util.concurrent.ForkJoinWorkerThread.run(ForkJoinWorkerThread.java:177)
2024-01-29 00:16:43,531 [ERROR] from play.api.db.evolutions.DefaultEvolutionsApi in play-dev-mode-akka.actor.default-dispatcher-113 - Table 'company' already exists [ERROR:1050, SQLSTATE:42S01]
2024-01-29 00:16:43,534 [ERROR] from play.api.http.DefaultHttpErrorHandler in play-dev-mode-akka.actor.default-dispatcher-113 - 

! @84c1an26h - Internal server error, for (GET) [/@evolutions/apply/default?redirect=http%3A%2F%2Flocalhost%3A9000%2F] ->
 
play.api.db.evolutions.InconsistentDatabase: Database 'default' is in an inconsistent state![An evolution has not been applied properly. Please check the problem and resolve it manually before marking it as resolved.]
	at play.api.db.evolutions.DatabaseEvolutions.$anonfun$checkEvolutionsState$3(EvolutionsApi.scala:305)
	at play.api.db.evolutions.DatabaseEvolutions.$anonfun$checkEvolutionsState$3$adapted(EvolutionsApi.scala:290)
	at play.api.db.evolutions.DatabaseEvolutions.executeQuery(EvolutionsApi.scala:337)
	at play.api.db.evolutions.DatabaseEvolutions.checkEvolutionsState(EvolutionsApi.scala:290)
	at play.api.db.evolutions.DatabaseEvolutions.evolve(EvolutionsApi.scala:259)
	at play.api.db.evolutions.DefaultEvolutionsApi.evolve(EvolutionsApi.scala:103)
	at play.api.db.evolutions.EvolutionsWebCommands.handleWebCommand(ApplicationEvolutions.scala:490)
	at play.core.DefaultWebCommands.$anonfun$handleWebCommand$1(WebCommands.scala:42)
	at scala.collection.immutable.Stream.flatMap(Stream.scala:489)
	at play.core.DefaultWebCommands.handleWebCommand(WebCommands.scala:42)
	at play.api.http.DefaultHttpRequestHandler.$anonfun$handlerForRequest$4(HttpRequestHandler.scala:200)
	at scala.Option.flatMap(Option.scala:188)
	at play.api.http.DefaultHttpRequestHandler.handlerForRequest(HttpRequestHandler.scala:199)
	at play.core.server.Server$.getHandlerFor(Server.scala:126)
	at play.core.server.AkkaHttpServer.handleRequest(AkkaHttpServer.scala:315)
	at play.core.server.AkkaHttpServer.$anonfun$createServerBinding$1(AkkaHttpServer.scala:190)
	at akka.stream.impl.fusing.MapAsync$$anon$30.onPush(Ops.scala:1289)
	at akka.stream.impl.fusing.GraphInterpreter.processPush(GraphInterpreter.scala:541)
	at akka.stream.impl.fusing.GraphInterpreter.execute(GraphInterpreter.scala:423)
	at akka.stream.impl.fusing.GraphInterpreterShell.runBatch(ActorGraphInterpreter.scala:624)
	at akka.stream.impl.fusing.GraphInterpreterShell$AsyncInput.execute(ActorGraphInterpreter.scala:501)
	at akka.stream.impl.fusing.GraphInterpreterShell.processEvent(ActorGraphInterpreter.scala:599)
	at akka.stream.impl.fusing.ActorGraphInterpreter.akka$stream$impl$fusing$ActorGraphInterpreter$$processEvent(ActorGraphInterpreter.scala:768)
	at akka.stream.impl.fusing.ActorGraphInterpreter$$anonfun$receive$1.applyOrElse(ActorGraphInterpreter.scala:783)
	at akka.actor.Actor.aroundReceive(Actor.scala:534)
	at akka.actor.Actor.aroundReceive$(Actor.scala:532)
	at akka.stream.impl.fusing.ActorGraphInterpreter.aroundReceive(ActorGraphInterpreter.scala:690)
	at akka.actor.ActorCell.receiveMessage(ActorCell.scala:573)
	at akka.actor.ActorCell.invoke(ActorCell.scala:543)
	at akka.dispatch.Mailbox.processMailbox(Mailbox.scala:269)
	at akka.dispatch.Mailbox.run(Mailbox.scala:230)
	at akka.dispatch.Mailbox.exec(Mailbox.scala:242)
	at java.base/java.util.concurrent.ForkJoinTask.doExec(ForkJoinTask.java:290)
	at java.base/java.util.concurrent.ForkJoinPool$WorkQueue.topLevelExec(ForkJoinPool.java:1020)
	at java.base/java.util.concurrent.ForkJoinPool.scan(ForkJoinPool.java:1656)
	at java.base/java.util.concurrent.ForkJoinPool.runWorker(ForkJoinPool.java:1594)
	at java.base/java.util.concurrent.ForkJoinWorkerThread.run(ForkJoinWorkerThread.java:177)
